Log file open, 12/27/19 09:07:56
LogWindows: Failed to load 'aqProf.dll' (GetLastError=126)
LogWindows: File 'aqProf.dll' does not exist
LogWindows: Failed to load 'VtuneApi.dll' (GetLastError=126)
LogWindows: File 'VtuneApi.dll' does not exist
LogWindows: Failed to load 'VtuneApi32e.dll' (GetLastError=126)
LogWindows: File 'VtuneApi32e.dll' does not exist
LogConsoleResponse: Display: Failed to find resolution value strings in scalability ini. Falling back to default.
LogInit: Display: Running engine for game: MySolve
LogPlatformFile: Not using cached read wrapper
LogTaskGraph: Started task graph with 5 named threads and 20 total threads with 3 sets of task threads.
LogStats: Stats thread started at 0.660623
LogD3D11RHI: Loaded GFSDK_Aftermath_Lib.x64.dll
LogICUInternationalization: ICU TimeZone Detection - Raw Offset: +1:00, Platform Override: ''
LogPluginManager: Mounting plugin Paper2D
LogPluginManager: Mounting plugin AISupport
LogPluginManager: Mounting plugin LightPropagationVolume
LogPluginManager: Mounting plugin ActorLayerUtilities
LogPluginManager: Mounting plugin AnimationSharing
LogPluginManager: Mounting plugin CLionSourceCodeAccess
LogPluginManager: Mounting plugin CodeLiteSourceCodeAccess
LogPluginManager: Mounting plugin GitSourceControl
LogPluginManager: Mounting plugin KDevelopSourceCodeAccess
LogPluginManager: Mounting plugin NullSourceCodeAccess
LogPluginManager: Mounting plugin PerforceSourceControl
LogPluginManager: Mounting plugin PlasticSourceControl
LogPluginManager: Mounting plugin SubversionSourceControl
LogPluginManager: Mounting plugin UObjectPlugin
LogPluginManager: Mounting plugin VisualStudioCodeSourceCodeAccess
LogPluginManager: Mounting plugin VisualStudioSourceCodeAccess
LogPluginManager: Mounting plugin XCodeSourceCodeAccess
LogPluginManager: Mounting plugin AssetManagerEditor
LogPluginManager: Mounting plugin CryptoKeys
LogPluginManager: Mounting plugin CurveEditorTools
LogPluginManager: Mounting plugin DataValidation
LogPluginManager: Mounting plugin FacialAnimation
LogPluginManager: Mounting plugin GameplayTagsEditor
LogPluginManager: Mounting plugin MacGraphicsSwitching
LogPluginManager: Mounting plugin MaterialAnalyzer
LogPluginManager: Mounting plugin MobileLauncherProfileWizard
LogPluginManager: Mounting plugin PluginBrowser
LogPluginManager: Mounting plugin SpeedTreeImporter
LogPluginManager: Mounting plugin DatasmithContent
LogPluginManager: Mounting plugin VariantManagerContent
LogPluginManager: Mounting plugin AlembicImporter
LogPluginManager: Mounting plugin AutomationUtils
LogPluginManager: Mounting plugin BackChannel
LogPluginManager: Mounting plugin CharacterAI
LogPluginManager: Mounting plugin GeometryCache
LogPluginManager: Mounting plugin PlatformCrypto
LogPluginManager: Mounting plugin ProxyLODPlugin
LogPluginManager: Mounting plugin SkeletalReduction
LogPluginManager: Mounting plugin MagicLeap
LogPluginManager: Mounting plugin MagicLeapMedia
LogPluginManager: Mounting plugin MLSDK
LogPluginManager: Mounting plugin AndroidMedia
LogPluginManager: Mounting plugin AvfMedia
LogPluginManager: Mounting plugin ImgMedia
LogPluginManager: Mounting plugin MediaCompositing
LogPluginManager: Mounting plugin MediaPlayerEditor
LogPluginManager: Mounting plugin WebMMedia
LogPluginManager: Mounting plugin WmfMedia
LogPluginManager: Mounting plugin TcpMessaging
LogPluginManager: Mounting plugin UdpMessaging
LogPluginManager: Mounting plugin ActorSequence
LogPluginManager: Mounting plugin LevelSequenceEditor
LogPluginManager: Mounting plugin MatineeToLevelSequence
LogPluginManager: Mounting plugin NetcodeUnitTest
LogPluginManager: Mounting plugin NUTUnrealEngine4
LogPluginManager: Mounting plugin OnlineSubsystemGooglePlay
LogPluginManager: Mounting plugin OnlineSubsystemIOS
LogPluginManager: Mounting plugin OnlineSubsystem
LogPluginManager: Mounting plugin OnlineSubsystemNull
LogPluginManager: Mounting plugin OnlineSubsystemUtils
LogPluginManager: Mounting plugin LauncherChunkInstaller
LogPluginManager: Mounting plugin AndroidDeviceProfileSelector
LogPluginManager: Mounting plugin AndroidMoviePlayer
LogPluginManager: Mounting plugin AndroidPermission
LogPluginManager: Mounting plugin AppleImageUtils
LogPluginManager: Mounting plugin AppleMoviePlayer
LogPluginManager: Mounting plugin ArchVisCharacter
LogPluginManager: Mounting plugin AssetTags
LogPluginManager: Mounting plugin AudioCapture
LogPluginManager: Mounting plugin CableComponent
LogPluginManager: Mounting plugin CustomMeshComponent
LogPluginManager: Mounting plugin EditableMesh
LogPluginManager: Mounting plugin ExampleDeviceProfileSelector
LogPluginManager: Mounting plugin GoogleCloudMessaging
LogPluginManager: Mounting plugin IOSDeviceProfileSelector
LogPluginManager: Mounting plugin LinuxDeviceProfileSelector
LogPluginManager: Mounting plugin LocationServicesBPLibrary
LogPluginManager: Mounting plugin MobilePatchingUtils
LogPluginManager: Mounting plugin OculusVR
LogPluginManager: Mounting plugin PhysXVehicles
LogPluginManager: Mounting plugin PostSplashScreen
LogPluginManager: Mounting plugin ProceduralMeshComponent
LogPluginManager: Mounting plugin RuntimePhysXCooking
LogPluginManager: Mounting plugin SignificanceManager
LogPluginManager: Mounting plugin SteamVR
LogPluginManager: Mounting plugin WebMMoviePlayer
LogPluginManager: Mounting plugin WindowsMoviePlayer
LogPluginManager: Mounting plugin ScreenshotTools
LogInit: Using libcurl 7.55.1-DEV
LogInit:  - built for x86_64-pc-win32
LogInit:  - supports SSL with OpenSSL/1.1.1
LogInit:  - supports HTTP deflate (compression) using libz 1.2.8
LogInit:  - other features:
LogInit:      CURL_VERSION_SSL
LogInit:      CURL_VERSION_LIBZ
LogInit:      CURL_VERSION_IPV6
LogInit:      CURL_VERSION_ASYNCHDNS
LogInit:      CURL_VERSION_LARGEFILE
LogInit:      CURL_VERSION_IDN
LogInit:  CurlRequestOptions (configurable via config and command line):
LogInit:  - bVerifyPeer = true  - Libcurl will verify peer certificate
LogInit:  - bUseHttpProxy = false  - Libcurl will NOT use HTTP proxy
LogInit:  - bDontReuseConnections = false  - Libcurl will reuse connections
LogInit:  - MaxHostConnections = 16  - Libcurl will limit the number of connections to a host
LogInit:  - LocalHostAddr = Default
LogInit:  - BufferSize = 65536
LogOnline: OSS: Creating online subsystem instance for: NULL
LogInit: WinSock: version 1.1 (2.2), MaxSocks=32767, MaxUdp=65467
LogOnline: OSS: TryLoadSubsystemAndSetDefault: Loaded subsystem for module [NULL]
LogInit: Build: ++UE4+Release-4.24-CL-10757647
LogInit: Engine Version: 4.24.1-10757647+++UE4+Release-4.24
LogInit: Compatible Engine Version: 4.24.0-10570792+++UE4+Release-4.24
LogInit: Net CL: 10570792
LogInit: OS: Windows 10 (Release 1903) (), CPU: Intel(R) Core(TM) i5-9600K CPU @ 3.70GHz, GPU: NVIDIA GeForce RTX 2070
LogInit: Compiled (64-bit): Dec 17 2019 02:08:03
LogInit: Compiled with Visual C++: 19.16.27032.01
LogInit: Build Configuration: Development
LogInit: Branch Name: ++UE4+Release-4.24
LogInit: Command Line: 
LogInit: Base Directory: E:/Engines/UE_4.24/Engine/Binaries/Win64/
LogInit: Installed Engine Build: 1
LogDevObjectVersion: Number of dev versions registered: 25
LogDevObjectVersion:   Dev-Blueprints (B0D832E4-1F89-4F0D-ACCF-7EB736FD4AA2): 10
LogDevObjectVersion:   Dev-Build (E1C64328-A22C-4D53-A36C-8E866417BD8C): 0
LogDevObjectVersion:   Dev-Core (375EC13C-06E4-48FB-B500-84F0262A717E): 3
LogDevObjectVersion:   Dev-Editor (E4B068ED-F494-42E9-A231-DA0B2E46BB41): 37
LogDevObjectVersion:   Dev-Framework (CFFC743F-43B0-4480-9391-14DF171D2073): 36
LogDevObjectVersion:   Dev-Mobile (B02B49B5-BB20-44E9-A304-32B752E40360): 2
LogDevObjectVersion:   Dev-Networking (A4E4105C-59A1-49B5-A7C5-40C4547EDFEE): 0
LogDevObjectVersion:   Dev-Online (39C831C9-5AE6-47DC-9A44-9C173E1C8E7C): 0
LogDevObjectVersion:   Dev-Physics (78F01B33-EBEA-4F98-B9B4-84EACCB95AA2): 2
LogDevObjectVersion:   Dev-Platform (6631380F-2D4D-43E0-8009-CF276956A95A): 0
LogDevObjectVersion:   Dev-Rendering (12F88B9F-8875-4AFC-A67C-D90C383ABD29): 36
LogDevObjectVersion:   Dev-Sequencer (7B5AE74C-D270-4C10-A958-57980B212A5A): 11
LogDevObjectVersion:   Dev-VR (D7296918-1DD6-4BDD-9DE2-64A83CC13884): 2
LogDevObjectVersion:   Dev-LoadTimes (C2A15278-BFE7-4AFE-6C17-90FF531DF755): 1
LogDevObjectVersion:   Private-Geometry (6EACA3D4-40EC-4CC1-B786-8BED09428FC5): 3
LogDevObjectVersion:   Dev-AnimPhys (29E575DD-E0A3-4627-9D10-D276232CDCEA): 17
LogDevObjectVersion:   Dev-Anim (AF43A65D-7FD3-4947-9873-3E8ED9C1BB05): 2
LogDevObjectVersion:   Dev-ReflectionCapture (6B266CEC-1EC7-4B8F-A30B-E4D90942FC07): 1
LogDevObjectVersion:   Dev-Automation (0DF73D61-A23F-47EA-B727-89E90C41499A): 1
LogDevObjectVersion:   FortniteMain (601D1886-AC64-4F84-AA16-D3DE0DEAC7D6): 31
LogDevObjectVersion:   Dev-Enterprise (9DFFBCD6-494F-0158-E221-12823C92A888): 8
LogDevObjectVersion:   Dev-Niagara (F2AED0AC-9AFE-416F-8664-AA7FFA26D6FC): 1
LogDevObjectVersion:   Dev-Destruction (174F1F0B-B4C6-45A5-B13F-2EE8D0FB917D): 9
LogDevObjectVersion:   Dev-Physics-Ext (35F94A83-E258-406C-A318-09F59610247C): 8
LogDevObjectVersion:   Dev-CineCamera (B2E18506-4273-CFC2-A54E-F4BB758BBA07): 1
LogInit: Presizing for max 25165824 objects, including 0 objects not considered by GC, pre-allocating 0 bytes for permanent pool.
LogInit: Object subsystem initialized
LogConfig: Setting CVar [[con.DebugEarlyDefault:1]]
LogConfig: Setting CVar [[r.setres:1280x720]]
[2019.12.27-08.07.57:643][  0]LogConfig: Setting CVar [[r.VSync:0]]
[2019.12.27-08.07.57:643][  0]LogConfig: Setting CVar [[r.RHICmdBypass:0]]
[2019.12.27-08.07.57:643][  0]LogConfig: Applying CVar settings from Section [/Script/Engine.RendererSettings] File [E:/_projects/MySolve/Saved/Config/Windows/Engine.ini]
[2019.12.27-08.07.57:643][  0]LogConfig: Setting CVar [[r.GPUCrashDebugging:0]]
[2019.12.27-08.07.57:643][  0]LogConfig: Applying CVar settings from Section [/Script/Engine.RendererOverrideSettings] File [E:/_projects/MySolve/Saved/Config/Windows/Engine.ini]
[2019.12.27-08.07.57:643][  0]LogConfig: Applying CVar settings from Section [/Script/Engine.StreamingSettings] File [E:/_projects/MySolve/Saved/Config/Windows/Engine.ini]
[2019.12.27-08.07.57:643][  0]LogConfig: Setting CVar [[s.MinBulkDataSizeForAsyncLoading:131072]]
[2019.12.27-08.07.57:643][  0]LogConfig: Setting CVar [[s.AsyncLoadingThreadEnabled:0]]
[2019.12.27-08.07.57:643][  0]LogConfig: Setting CVar [[s.EventDrivenLoaderEnabled:1]]
[2019.12.27-08.07.57:643][  0]LogConfig: Setting CVar [[s.WarnIfTimeLimitExceeded:0]]
[2019.12.27-08.07.57:643][  0]LogConfig: Setting CVar [[s.TimeLimitExceededMultiplier:1.5]]
[2019.12.27-08.07.57:644][  0]LogConfig: Setting CVar [[s.TimeLimitExceededMinTime:0.005]]
[2019.12.27-08.07.57:644][  0]LogConfig: Setting CVar [[s.UseBackgroundLevelStreaming:1]]
[2019.12.27-08.07.57:644][  0]LogConfig: Setting CVar [[s.PriorityAsyncLoadingExtraTime:15.0]]
[2019.12.27-08.07.57:644][  0]LogConfig: Setting CVar [[s.LevelStreamingActorsUpdateTimeLimit:5.0]]
[2019.12.27-08.07.57:644][  0]LogConfig: Setting CVar [[s.PriorityLevelStreamingActorsUpdateExtraTime:5.0]]
[2019.12.27-08.07.57:644][  0]LogConfig: Setting CVar [[s.LevelStreamingComponentsRegistrationGranularity:10]]
[2019.12.27-08.07.57:644][  0]LogConfig: Setting CVar [[s.UnregisterComponentsTimeLimit:1.0]]
[2019.12.27-08.07.57:644][  0]LogConfig: Setting CVar [[s.LevelStreamingComponentsUnregistrationGranularity:5]]
[2019.12.27-08.07.57:644][  0]LogConfig: Setting CVar [[s.FlushStreamingOnExit:1]]
[2019.12.27-08.07.57:644][  0]LogConfig: Applying CVar settings from Section [/Script/Engine.GarbageCollectionSettings] File [E:/_projects/MySolve/Saved/Config/Windows/Engine.ini]
[2019.12.27-08.07.57:644][  0]LogConfig: Setting CVar [[gc.MaxObjectsNotConsideredByGC:1]]
[2019.12.27-08.07.57:644][  0]LogConfig: Setting CVar [[gc.SizeOfPermanentObjectPool:0]]
[2019.12.27-08.07.57:644][  0]LogConfig: Setting CVar [[gc.FlushStreamingOnGC:0]]
[2019.12.27-08.07.57:644][  0]LogConfig: Setting CVar [[gc.NumRetriesBeforeForcingGC:10]]
[2019.12.27-08.07.57:644][  0]LogConfig: Setting CVar [[gc.AllowParallelGC:1]]
[2019.12.27-08.07.57:644][  0]LogConfig: Setting CVar [[gc.TimeBetweenPurgingPendingKillObjects:61.1]]
[2019.12.27-08.07.57:644][  0]LogConfig: Setting CVar [[gc.MaxObjectsInEditor:25165824]]
[2019.12.27-08.07.57:644][  0]LogConfig: Setting CVar [[gc.IncrementalBeginDestroyEnabled:1]]
[2019.12.27-08.07.57:644][  0]LogConfig: Setting CVar [[gc.CreateGCClusters:1]]
[2019.12.27-08.07.57:644][  0]LogConfig: Setting CVar [[gc.MinGCClusterSize:5]]
[2019.12.27-08.07.57:644][  0]LogConfig: Setting CVar [[gc.ActorClusteringEnabled:0]]
[2019.12.27-08.07.57:644][  0]LogConfig: Setting CVar [[gc.BlueprintClusteringEnabled:0]]
[2019.12.27-08.07.57:644][  0]LogConfig: Setting CVar [[gc.UseDisregardForGCOnDedicatedServers:0]]
[2019.12.27-08.07.57:644][  0]LogConfig: Applying CVar settings from Section [/Script/Engine.NetworkSettings] File [E:/_projects/MySolve/Saved/Config/Windows/Engine.ini]
[2019.12.27-08.07.57:644][  0]LogConfig: Applying CVar settings from Section [/Script/UnrealEd.CookerSettings] File [E:/_projects/MySolve/Saved/Config/Windows/Engine.ini]
[2019.12.27-08.07.57:648][  0]LogConfig: Applying CVar settings from Section [ViewDistanceQuality@3] File [E:/_projects/MySolve/Saved/Config/Windows/Scalability.ini]
[2019.12.27-08.07.57:648][  0]LogConfig: Setting CVar [[r.SkeletalMeshLODBias:0]]
[2019.12.27-08.07.57:648][  0]LogConfig: Setting CVar [[r.ViewDistanceScale:1.0]]
[2019.12.27-08.07.57:648][  0]LogConfig: Applying CVar settings from Section [AntiAliasingQuality@3] File [E:/_projects/MySolve/Saved/Config/Windows/Scalability.ini]
[2019.12.27-08.07.57:648][  0]LogConfig: Setting CVar [[r.PostProcessAAQuality:4]]
[2019.12.27-08.07.57:648][  0]LogConfig: Applying CVar settings from Section [ShadowQuality@3] File [E:/_projects/MySolve/Saved/Config/Windows/Scalability.ini]
[2019.12.27-08.07.57:648][  0]LogConfig: Setting CVar [[r.LightFunctionQuality:1]]
[2019.12.27-08.07.57:648][  0]LogConfig: Setting CVar [[r.ShadowQuality:5]]
[2019.12.27-08.07.57:648][  0]LogConfig: Setting CVar [[r.Shadow.CSM.MaxCascades:10]]
[2019.12.27-08.07.57:648][  0]LogConfig: Setting CVar [[r.Shadow.MaxResolution:2048]]
[2019.12.27-08.07.57:648][  0]LogConfig: Setting CVar [[r.Shadow.MaxCSMResolution:2048]]
[2019.12.27-08.07.57:648][  0]LogConfig: Setting CVar [[r.Shadow.RadiusThreshold:0.01]]
[2019.12.27-08.07.57:648][  0]LogConfig: Setting CVar [[r.Shadow.DistanceScale:1.0]]
[2019.12.27-08.07.57:648][  0]LogConfig: Setting CVar [[r.Shadow.CSM.TransitionScale:1.0]]
[2019.12.27-08.07.57:648][  0]LogConfig: Setting CVar [[r.Shadow.PreShadowResolutionFactor:1.0]]
[2019.12.27-08.07.57:648][  0]LogConfig: Setting CVar [[r.DistanceFieldShadowing:1]]
[2019.12.27-08.07.57:648][  0]LogConfig: Setting CVar [[r.DistanceFieldAO:1]]
[2019.12.27-08.07.57:648][  0]LogConfig: Setting CVar [[r.AOQuality:2]]
[2019.12.27-08.07.57:648][  0]LogConfig: Setting CVar [[r.VolumetricFog:1]]
[2019.12.27-08.07.57:648][  0]LogConfig: Setting CVar [[r.VolumetricFog.GridPixelSize:8]]
[2019.12.27-08.07.57:648][  0]LogConfig: Setting CVar [[r.VolumetricFog.GridSizeZ:128]]
[2019.12.27-08.07.57:649][  0]LogConfig: Setting CVar [[r.VolumetricFog.HistoryMissSupersampleCount:4]]
[2019.12.27-08.07.57:649][  0]LogConfig: Setting CVar [[r.LightMaxDrawDistanceScale:1]]
[2019.12.27-08.07.57:649][  0]LogConfig: Setting CVar [[r.CapsuleShadows:1]]
[2019.12.27-08.07.57:649][  0]LogConfig: Applying CVar settings from Section [PostProcessQuality@3] File [E:/_projects/MySolve/Saved/Config/Windows/Scalability.ini]
[2019.12.27-08.07.57:649][  0]LogConfig: Setting CVar [[r.MotionBlurQuality:4]]
[2019.12.27-08.07.57:649][  0]LogConfig: Setting CVar [[r.AmbientOcclusionMipLevelFactor:0.4]]
[2019.12.27-08.07.57:649][  0]LogConfig: Setting CVar [[r.AmbientOcclusionMaxQuality:100]]
[2019.12.27-08.07.57:649][  0]LogConfig: Setting CVar [[r.AmbientOcclusionLevels:-1]]
[2019.12.27-08.07.57:649][  0]LogConfig: Setting CVar [[r.AmbientOcclusionRadiusScale:1.0]]
[2019.12.27-08.07.57:649][  0]LogConfig: Setting CVar [[r.DepthOfFieldQuality:2]]
[2019.12.27-08.07.57:649][  0]LogConfig: Setting CVar [[r.RenderTargetPoolMin:400]]
[2019.12.27-08.07.57:649][  0]LogConfig: Setting CVar [[r.LensFlareQuality:2]]
[2019.12.27-08.07.57:649][  0]LogConfig: Setting CVar [[r.SceneColorFringeQuality:1]]
[2019.12.27-08.07.57:649][  0]LogConfig: Setting CVar [[r.EyeAdaptationQuality:2]]
[2019.12.27-08.07.57:649][  0]LogConfig: Setting CVar [[r.BloomQuality:5]]
[2019.12.27-08.07.57:649][  0]LogConfig: Setting CVar [[r.FastBlurThreshold:100]]
[2019.12.27-08.07.57:649][  0]LogConfig: Setting CVar [[r.Upscale.Quality:3]]
[2019.12.27-08.07.57:649][  0]LogConfig: Setting CVar [[r.Tonemapper.GrainQuantization:1]]
[2019.12.27-08.07.57:649][  0]LogConfig: Setting CVar [[r.LightShaftQuality:1]]
[2019.12.27-08.07.57:649][  0]LogConfig: Setting CVar [[r.Filter.SizeScale:1]]
[2019.12.27-08.07.57:649][  0]LogConfig: Setting CVar [[r.Tonemapper.Quality:5]]
[2019.12.27-08.07.57:649][  0]LogConfig: Setting CVar [[r.DOF.Gather.AccumulatorQuality:1        ; higher gathering accumulator quality]]
[2019.12.27-08.07.57:649][  0]LogConfig: Setting CVar [[r.DOF.Gather.PostfilterMethod:1          ; Median3x3 postfilering method]]
[2019.12.27-08.07.57:649][  0]LogConfig: Setting CVar [[r.DOF.Gather.EnableBokehSettings:0       ; no bokeh simulation when gathering]]
[2019.12.27-08.07.57:649][  0]LogConfig: Setting CVar [[r.DOF.Gather.RingCount:4                 ; medium number of samples when gathering]]
[2019.12.27-08.07.57:649][  0]LogConfig: Setting CVar [[r.DOF.Scatter.ForegroundCompositing:1    ; additive foreground scattering]]
[2019.12.27-08.07.57:649][  0]LogConfig: Setting CVar [[r.DOF.Scatter.BackgroundCompositing:2    ; additive background scattering]]
[2019.12.27-08.07.57:649][  0]LogConfig: Setting CVar [[r.DOF.Scatter.EnableBokehSettings:1      ; bokeh simulation when scattering]]
[2019.12.27-08.07.57:649][  0]LogConfig: Setting CVar [[r.DOF.Scatter.MaxSpriteRatio:0.1         ; only a maximum of 10% of scattered bokeh]]
[2019.12.27-08.07.57:649][  0]LogConfig: Setting CVar [[r.DOF.Recombine.Quality:1                ; cheap slight out of focus]]
[2019.12.27-08.07.57:649][  0]LogConfig: Setting CVar [[r.DOF.Recombine.EnableBokehSettings:0    ; no bokeh simulation on slight out of focus]]
[2019.12.27-08.07.57:649][  0]LogConfig: Setting CVar [[r.DOF.TemporalAAQuality:1                ; more stable temporal accumulation]]
[2019.12.27-08.07.57:649][  0]LogConfig: Setting CVar [[r.DOF.Kernel.MaxForegroundRadius:0.025]]
[2019.12.27-08.07.57:649][  0]LogConfig: Setting CVar [[r.DOF.Kernel.MaxBackgroundRadius:0.025]]
[2019.12.27-08.07.57:649][  0]LogConfig: Applying CVar settings from Section [TextureQuality@3] File [E:/_projects/MySolve/Saved/Config/Windows/Scalability.ini]
[2019.12.27-08.07.57:649][  0]LogConfig: Setting CVar [[r.Streaming.MipBias:0]]
[2019.12.27-08.07.57:649][  0]LogConfig: Setting CVar [[r.Streaming.AmortizeCPUToGPUCopy:0]]
[2019.12.27-08.07.57:649][  0]LogConfig: Setting CVar [[r.Streaming.MaxNumTexturesToStreamPerFrame:0]]
[2019.12.27-08.07.57:649][  0]LogConfig: Setting CVar [[r.Streaming.Boost:1]]
[2019.12.27-08.07.57:649][  0]LogConfig: Setting CVar [[r.MaxAnisotropy:8]]
[2019.12.27-08.07.57:649][  0]LogConfig: Setting CVar [[r.VT.MaxAnisotropy:8]]
[2019.12.27-08.07.57:649][  0]LogConfig: Setting CVar [[r.Streaming.LimitPoolSizeToVRAM:0]]
[2019.12.27-08.07.57:649][  0]LogConfig: Setting CVar [[r.Streaming.PoolSize:1000]]
[2019.12.27-08.07.57:649][  0]LogConfig: Setting CVar [[r.Streaming.MaxEffectiveScreenSize:0]]
[2019.12.27-08.07.57:649][  0]LogConfig: Applying CVar settings from Section [EffectsQuality@3] File [E:/_projects/MySolve/Saved/Config/Windows/Scalability.ini]
[2019.12.27-08.07.57:649][  0]LogConfig: Setting CVar [[r.TranslucencyLightingVolumeDim:64]]
[2019.12.27-08.07.57:649][  0]LogConfig: Setting CVar [[r.RefractionQuality:2]]
[2019.12.27-08.07.57:649][  0]LogConfig: Setting CVar [[r.SSR.Quality:3]]
[2019.12.27-08.07.57:649][  0]LogConfig: Setting CVar [[r.SSR.HalfResSceneColor:0]]
[2019.12.27-08.07.57:649][  0]LogConfig: Setting CVar [[r.SceneColorFormat:4]]
[2019.12.27-08.07.57:649][  0]LogConfig: Setting CVar [[r.DetailMode:2]]
[2019.12.27-08.07.57:649][  0]LogConfig: Setting CVar [[r.TranslucencyVolumeBlur:1]]
[2019.12.27-08.07.57:649][  0]LogConfig: Setting CVar [[r.MaterialQualityLevel:1 ; High quality]]
[2019.12.27-08.07.57:649][  0]LogConfig: Setting CVar [[r.SSS.Scale:1]]
[2019.12.27-08.07.57:649][  0]LogConfig: Setting CVar [[r.SSS.SampleSet:2]]
[2019.12.27-08.07.57:649][  0]LogConfig: Setting CVar [[r.SSS.Quality:1]]
[2019.12.27-08.07.57:649][  0]LogConfig: Setting CVar [[r.SSS.HalfRes:1]]
[2019.12.27-08.07.57:649][  0]LogConfig: Setting CVar [[r.SSGI.Quality:3]]
[2019.12.27-08.07.57:649][  0]LogConfig: Setting CVar [[r.EmitterSpawnRateScale:1.0]]
[2019.12.27-08.07.57:649][  0]LogConfig: Setting CVar [[r.ParticleLightQuality:2]]
[2019.12.27-08.07.57:649][  0]LogConfig: Setting CVar [[r.SkyAtmosphere.AerialPerspectiveLUT.FastApplyOnOpaque:1 ; Always have FastSkyLUT 1 in this case to avoid wrong sky]]
[2019.12.27-08.07.57:649][  0]LogConfig: Setting CVar [[r.SkyAtmosphere.AerialPerspectiveLUT.SampleCountPerSlice:1]]
[2019.12.27-08.07.57:649][  0]LogConfig: Setting CVar [[r.SkyAtmosphere.AerialPerspectiveLUT.DepthResolution:16.0]]
[2019.12.27-08.07.57:649][  0]LogConfig: Setting CVar [[r.SkyAtmosphere.FastSkyLUT:1]]
[2019.12.27-08.07.57:649][  0]LogConfig: Setting CVar [[r.SkyAtmosphere.FastSkyLUT.SampleCountMin:4.0]]
[2019.12.27-08.07.57:649][  0]LogConfig: Setting CVar [[r.SkyAtmosphere.FastSkyLUT.SampleCountMax:32.0]]
[2019.12.27-08.07.57:649][  0]LogConfig: Setting CVar [[r.SkyAtmosphere.SampleCountMin:4.0]]
[2019.12.27-08.07.57:649][  0]LogConfig: Setting CVar [[r.SkyAtmosphere.SampleCountMax:32.0]]
[2019.12.27-08.07.57:649][  0]LogConfig: Setting CVar [[r.SkyAtmosphere.TransmittanceLUT.UseSmallFormat:0]]
[2019.12.27-08.07.57:649][  0]LogConfig: Setting CVar [[r.SkyAtmosphere.TransmittanceLUT.SampleCount:10.0]]
[2019.12.27-08.07.57:649][  0]LogConfig: Setting CVar [[r.SkyAtmosphere.MultiScatteringLUT.SampleCount:15.0]]
[2019.12.27-08.07.57:649][  0]LogConfig: Applying CVar settings from Section [FoliageQuality@3] File [E:/_projects/MySolve/Saved/Config/Windows/Scalability.ini]
[2019.12.27-08.07.57:649][  0]LogConfig: Setting CVar [[foliage.DensityScale:1.0]]
[2019.12.27-08.07.57:649][  0]LogConfig: Setting CVar [[grass.DensityScale:1.0]]
[2019.12.27-08.07.57:649][  0]LogConfig: Applying CVar settings from Section [ShadingQuality@3] File [E:/_projects/MySolve/Saved/Config/Windows/Scalability.ini]
[2019.12.27-08.07.57:649][  0]LogConfig: Setting CVar [[r.HairStrands.SkyLighting.SampleCount:16]]
[2019.12.27-08.07.57:649][  0]LogConfig: Setting CVar [[r.HairStrands.SkyLighting.JitterIntegration:0]]
[2019.12.27-08.07.57:649][  0]LogConfig: Setting CVar [[r.HairStrands.SkyAO.SampleCount:16]]
[2019.12.27-08.07.57:650][  0]LogInit: Selected Device Profile: [Windows]
[2019.12.27-08.07.57:650][  0]LogInit: Applying CVar settings loaded from the selected device profile: [Windows]
[2019.12.27-08.07.57:657][  0]LogHAL: Display: Platform has ~ 16 GB [17096351744 / 17179869184 / 16], which maps to Larger [LargestMinGB=32, LargerMinGB=12, DefaultMinGB=8, SmallerMinGB=6, SmallestMinGB=0)
[2019.12.27-08.07.57:657][  0]LogInit: Going up to parent DeviceProfile []
[2019.12.27-08.07.57:657][  0]LogConfig: Applying CVar settings from Section [ViewDistanceQuality@3] File [E:/_projects/MySolve/Saved/Config/Windows/Scalability.ini]
[2019.12.27-08.07.57:657][  0]LogConfig: Setting CVar [[r.SkeletalMeshLODBias:0]]
[2019.12.27-08.07.57:657][  0]LogConfig: Setting CVar [[r.ViewDistanceScale:1.0]]
[2019.12.27-08.07.57:657][  0]LogConfig: Applying CVar settings from Section [AntiAliasingQuality@3] File [E:/_projects/MySolve/Saved/Config/Windows/Scalability.ini]
[2019.12.27-08.07.57:657][  0]LogConfig: Setting CVar [[r.PostProcessAAQuality:4]]
[2019.12.27-08.07.57:657][  0]LogConfig: Applying CVar settings from Section [ShadowQuality@3] File [E:/_projects/MySolve/Saved/Config/Windows/Scalability.ini]
[2019.12.27-08.07.57:657][  0]LogConfig: Setting CVar [[r.LightFunctionQuality:1]]
[2019.12.27-08.07.57:657][  0]LogConfig: Setting CVar [[r.ShadowQuality:5]]
[2019.12.27-08.07.57:657][  0]LogConfig: Setting CVar [[r.Shadow.CSM.MaxCascades:10]]
[2019.12.27-08.07.57:657][  0]LogConfig: Setting CVar [[r.Shadow.MaxResolution:2048]]
[2019.12.27-08.07.57:657][  0]LogConfig: Setting CVar [[r.Shadow.MaxCSMResolution:2048]]
[2019.12.27-08.07.57:657][  0]LogConfig: Setting CVar [[r.Shadow.RadiusThreshold:0.01]]
[2019.12.27-08.07.57:657][  0]LogConfig: Setting CVar [[r.Shadow.DistanceScale:1.0]]
[2019.12.27-08.07.57:657][  0]LogConfig: Setting CVar [[r.Shadow.CSM.TransitionScale:1.0]]
[2019.12.27-08.07.57:657][  0]LogConfig: Setting CVar [[r.Shadow.PreShadowResolutionFactor:1.0]]
[2019.12.27-08.07.57:657][  0]LogConfig: Setting CVar [[r.DistanceFieldShadowing:1]]
[2019.12.27-08.07.57:657][  0]LogConfig: Setting CVar [[r.DistanceFieldAO:1]]
[2019.12.27-08.07.57:657][  0]LogConfig: Setting CVar [[r.AOQuality:2]]
[2019.12.27-08.07.57:657][  0]LogConfig: Setting CVar [[r.VolumetricFog:1]]
[2019.12.27-08.07.57:657][  0]LogConfig: Setting CVar [[r.VolumetricFog.GridPixelSize:8]]
[2019.12.27-08.07.57:657][  0]LogConfig: Setting CVar [[r.VolumetricFog.GridSizeZ:128]]
[2019.12.27-08.07.57:657][  0]LogConfig: Setting CVar [[r.VolumetricFog.HistoryMissSupersampleCount:4]]
[2019.12.27-08.07.57:657][  0]LogConfig: Setting CVar [[r.LightMaxDrawDistanceScale:1]]
[2019.12.27-08.07.57:657][  0]LogConfig: Setting CVar [[r.CapsuleShadows:1]]
[2019.12.27-08.07.57:657][  0]LogConfig: Applying CVar settings from Section [PostProcessQuality@3] File [E:/_projects/MySolve/Saved/Config/Windows/Scalability.ini]
[2019.12.27-08.07.57:657][  0]LogConfig: Setting CVar [[r.MotionBlurQuality:4]]
[2019.12.27-08.07.57:657][  0]LogConfig: Setting CVar [[r.AmbientOcclusionMipLevelFactor:0.4]]
[2019.12.27-08.07.57:657][  0]LogConfig: Setting CVar [[r.AmbientOcclusionMaxQuality:100]]
[2019.12.27-08.07.57:657][  0]LogConfig: Setting CVar [[r.AmbientOcclusionLevels:-1]]
[2019.12.27-08.07.57:657][  0]LogConfig: Setting CVar [[r.AmbientOcclusionRadiusScale:1.0]]
[2019.12.27-08.07.57:657][  0]LogConfig: Setting CVar [[r.DepthOfFieldQuality:2]]
[2019.12.27-08.07.57:658][  0]LogConfig: Setting CVar [[r.RenderTargetPoolMin:400]]
[2019.12.27-08.07.57:658][  0]LogConfig: Setting CVar [[r.LensFlareQuality:2]]
[2019.12.27-08.07.57:658][  0]LogConfig: Setting CVar [[r.SceneColorFringeQuality:1]]
[2019.12.27-08.07.57:658][  0]LogConfig: Setting CVar [[r.EyeAdaptationQuality:2]]
[2019.12.27-08.07.57:658][  0]LogConfig: Setting CVar [[r.BloomQuality:5]]
[2019.12.27-08.07.57:658][  0]LogConfig: Setting CVar [[r.FastBlurThreshold:100]]
[2019.12.27-08.07.57:658][  0]LogConfig: Setting CVar [[r.Upscale.Quality:3]]
[2019.12.27-08.07.57:658][  0]LogConfig: Setting CVar [[r.Tonemapper.GrainQuantization:1]]
[2019.12.27-08.07.57:658][  0]LogConfig: Setting CVar [[r.LightShaftQuality:1]]
[2019.12.27-08.07.57:658][  0]LogConfig: Setting CVar [[r.Filter.SizeScale:1]]
[2019.12.27-08.07.57:658][  0]LogConfig: Setting CVar [[r.Tonemapper.Quality:5]]
[2019.12.27-08.07.57:658][  0]LogConfig: Setting CVar [[r.DOF.Gather.AccumulatorQuality:1        ; higher gathering accumulator quality]]
[2019.12.27-08.07.57:658][  0]LogConfig: Setting CVar [[r.DOF.Gather.PostfilterMethod:1          ; Median3x3 postfilering method]]
[2019.12.27-08.07.57:658][  0]LogConfig: Setting CVar [[r.DOF.Gather.EnableBokehSettings:0       ; no bokeh simulation when gathering]]
[2019.12.27-08.07.57:658][  0]LogConfig: Setting CVar [[r.DOF.Gather.RingCount:4                 ; medium number of samples when gathering]]
[2019.12.27-08.07.57:658][  0]LogConfig: Setting CVar [[r.DOF.Scatter.ForegroundCompositing:1    ; additive foreground scattering]]
[2019.12.27-08.07.57:658][  0]LogConfig: Setting CVar [[r.DOF.Scatter.BackgroundCompositing:2    ; additive background scattering]]
[2019.12.27-08.07.57:658][  0]LogConfig: Setting CVar [[r.DOF.Scatter.EnableBokehSettings:1      ; bokeh simulation when scattering]]
[2019.12.27-08.07.57:658][  0]LogConfig: Setting CVar [[r.DOF.Scatter.MaxSpriteRatio:0.1         ; only a maximum of 10% of scattered bokeh]]
[2019.12.27-08.07.57:658][  0]LogConfig: Setting CVar [[r.DOF.Recombine.Quality:1                ; cheap slight out of focus]]
[2019.12.27-08.07.57:658][  0]LogConfig: Setting CVar [[r.DOF.Recombine.EnableBokehSettings:0    ; no bokeh simulation on slight out of focus]]
[2019.12.27-08.07.57:658][  0]LogConfig: Setting CVar [[r.DOF.TemporalAAQuality:1                ; more stable temporal accumulation]]
[2019.12.27-08.07.57:658][  0]LogConfig: Setting CVar [[r.DOF.Kernel.MaxForegroundRadius:0.025]]
[2019.12.27-08.07.57:658][  0]LogConfig: Setting CVar [[r.DOF.Kernel.MaxBackgroundRadius:0.025]]
[2019.12.27-08.07.57:658][  0]LogConfig: Applying CVar settings from Section [TextureQuality@3] File [E:/_projects/MySolve/Saved/Config/Windows/Scalability.ini]
[2019.12.27-08.07.57:658][  0]LogConfig: Setting CVar [[r.Streaming.MipBias:0]]
[2019.12.27-08.07.57:658][  0]LogConfig: Setting CVar [[r.Streaming.AmortizeCPUToGPUCopy:0]]
[2019.12.27-08.07.57:658][  0]LogConfig: Setting CVar [[r.Streaming.MaxNumTexturesToStreamPerFrame:0]]
[2019.12.27-08.07.57:658][  0]LogConfig: Setting CVar [[r.Streaming.Boost:1]]
[2019.12.27-08.07.57:658][  0]LogConfig: Setting CVar [[r.MaxAnisotropy:8]]
[2019.12.27-08.07.57:658][  0]LogConfig: Setting CVar [[r.VT.MaxAnisotropy:8]]
[2019.12.27-08.07.57:658][  0]LogConfig: Setting CVar [[r.Streaming.LimitPoolSizeToVRAM:0]]
[2019.12.27-08.07.57:658][  0]LogConfig: Setting CVar [[r.Streaming.PoolSize:1000]]
[2019.12.27-08.07.57:658][  0]LogConfig: Setting CVar [[r.Streaming.MaxEffectiveScreenSize:0]]
[2019.12.27-08.07.57:658][  0]LogConfig: Applying CVar settings from Section [EffectsQuality@3] File [E:/_projects/MySolve/Saved/Config/Windows/Scalability.ini]
[2019.12.27-08.07.57:658][  0]LogConfig: Setting CVar [[r.TranslucencyLightingVolumeDim:64]]
[2019.12.27-08.07.57:658][  0]LogConfig: Setting CVar [[r.RefractionQuality:2]]
[2019.12.27-08.07.57:658][  0]LogConfig: Setting CVar [[r.SSR.Quality:3]]
[2019.12.27-08.07.57:658][  0]LogConfig: Setting CVar [[r.SSR.HalfResSceneColor:0]]
[2019.12.27-08.07.57:658][  0]LogConfig: Setting CVar [[r.SceneColorFormat:4]]
[2019.12.27-08.07.57:658][  0]LogConfig: Setting CVar [[r.DetailMode:2]]
[2019.12.27-08.07.57:658][  0]LogConfig: Setting CVar [[r.TranslucencyVolumeBlur:1]]
[2019.12.27-08.07.57:658][  0]LogConfig: Setting CVar [[r.MaterialQualityLevel:1 ; High quality]]
[2019.12.27-08.07.57:658][  0]LogConfig: Setting CVar [[r.SSS.Scale:1]]
[2019.12.27-08.07.57:658][  0]LogConfig: Setting CVar [[r.SSS.SampleSet:2]]
[2019.12.27-08.07.57:658][  0]LogConfig: Setting CVar [[r.SSS.Quality:1]]
[2019.12.27-08.07.57:658][  0]LogConfig: Setting CVar [[r.SSS.HalfRes:1]]
[2019.12.27-08.07.57:658][  0]LogConfig: Setting CVar [[r.SSGI.Quality:3]]
[2019.12.27-08.07.57:658][  0]LogConfig: Setting CVar [[r.EmitterSpawnRateScale:1.0]]
[2019.12.27-08.07.57:658][  0]LogConfig: Setting CVar [[r.ParticleLightQuality:2]]
[2019.12.27-08.07.57:658][  0]LogConfig: Setting CVar [[r.SkyAtmosphere.AerialPerspectiveLUT.FastApplyOnOpaque:1 ; Always have FastSkyLUT 1 in this case to avoid wrong sky]]
[2019.12.27-08.07.57:658][  0]LogConfig: Setting CVar [[r.SkyAtmosphere.AerialPerspectiveLUT.SampleCountPerSlice:1]]
[2019.12.27-08.07.57:658][  0]LogConfig: Setting CVar [[r.SkyAtmosphere.AerialPerspectiveLUT.DepthResolution:16.0]]
[2019.12.27-08.07.57:658][  0]LogConfig: Setting CVar [[r.SkyAtmosphere.FastSkyLUT:1]]
[2019.12.27-08.07.57:658][  0]LogConfig: Setting CVar [[r.SkyAtmosphere.FastSkyLUT.SampleCountMin:4.0]]
[2019.12.27-08.07.57:658][  0]LogConfig: Setting CVar [[r.SkyAtmosphere.FastSkyLUT.SampleCountMax:32.0]]
[2019.12.27-08.07.57:658][  0]LogConfig: Setting CVar [[r.SkyAtmosphere.SampleCountMin:4.0]]
[2019.12.27-08.07.57:658][  0]LogConfig: Setting CVar [[r.SkyAtmosphere.SampleCountMax:32.0]]
[2019.12.27-08.07.57:658][  0]LogConfig: Setting CVar [[r.SkyAtmosphere.TransmittanceLUT.UseSmallFormat:0]]
[2019.12.27-08.07.57:658][  0]LogConfig: Setting CVar [[r.SkyAtmosphere.TransmittanceLUT.SampleCount:10.0]]
[2019.12.27-08.07.57:658][  0]LogConfig: Setting CVar [[r.SkyAtmosphere.MultiScatteringLUT.SampleCount:15.0]]
[2019.12.27-08.07.57:658][  0]LogConfig: Applying CVar settings from Section [FoliageQuality@3] File [E:/_projects/MySolve/Saved/Config/Windows/Scalability.ini]
[2019.12.27-08.07.57:658][  0]LogConfig: Setting CVar [[foliage.DensityScale:1.0]]
[2019.12.27-08.07.57:658][  0]LogConfig: Setting CVar [[grass.DensityScale:1.0]]
[2019.12.27-08.07.57:658][  0]LogConfig: Applying CVar settings from Section [ShadingQuality@3] File [E:/_projects/MySolve/Saved/Config/Windows/Scalability.ini]
[2019.12.27-08.07.57:658][  0]LogConfig: Setting CVar [[r.HairStrands.SkyLighting.SampleCount:16]]
[2019.12.27-08.07.57:658][  0]LogConfig: Setting CVar [[r.HairStrands.SkyLighting.JitterIntegration:0]]
[2019.12.27-08.07.57:658][  0]LogConfig: Setting CVar [[r.HairStrands.SkyAO.SampleCount:16]]
[2019.12.27-08.07.57:658][  0]LogConfig: Applying CVar settings from Section [Startup] File [../../../Engine/Config/ConsoleVariables.ini]
[2019.12.27-08.07.57:662][  0]LogConfig: Setting CVar [[net.UseAdaptiveNetUpdateFrequency:0]]
[2019.12.27-08.07.57:662][  0]LogConfig: Setting CVar [[p.chaos.AllowCreatePhysxBodies:1]]
[2019.12.27-08.07.57:662][  0]LogConfig: Applying CVar settings from Section [ConsoleVariables] File [E:/_projects/MySolve/Saved/Config/Windows/Engine.ini]
[2019.12.27-08.07.57:663][  0]LogInit: Computer: INNOOX
[2019.12.27-08.07.57:663][  0]LogInit: User: ostap
[2019.12.27-08.07.57:663][  0]LogInit: CPU Page size=4096, Cores=6
[2019.12.27-08.07.57:663][  0]LogInit: High frequency timer resolution =10.000000 MHz
[2019.12.27-08.07.57:663][  0]LogMemory: Memory total: Physical=15.9GB (16GB approx)
[2019.12.27-08.07.57:663][  0]LogMemory: Platform Memory Stats for Windows
[2019.12.27-08.07.57:663][  0]LogMemory: Process Physical Memory: 105.37 MB used, 105.38 MB peak
[2019.12.27-08.07.57:663][  0]LogMemory: Process Virtual Memory: 100.26 MB used, 100.26 MB peak
[2019.12.27-08.07.57:663][  0]LogMemory: Physical Memory: 6033.65 MB used,  10270.70 MB free, 16304.35 MB total
[2019.12.27-08.07.57:663][  0]LogMemory: Virtual Memory: 5131.93 MB used,  134212592.00 MB free, 134217728.00 MB total
[2019.12.27-08.07.57:667][  0]LogWindows: WindowsPlatformFeatures enabled
[2019.12.27-08.07.57:921][  0]LogInit: Using OS detected language (en-US).
[2019.12.27-08.07.57:921][  0]LogInit: Using OS detected locale (en-US).
[2019.12.27-08.07.57:924][  0]LogTextLocalizationManager: No specific localization for 'en-US' exists, so the 'en' localization will be used.
[2019.12.27-08.07.58:167][  0]LogInit: Setting process to per monitor DPI aware
[2019.12.27-08.07.58:250][  0]LogSlate: New Slate User Created.  User Index 0, Is Virtual User: 0
[2019.12.27-08.07.58:250][  0]LogSlate: Slate User Registered.  User Index 0, Is Virtual User: 0
[2019.12.27-08.08.00:070][  0]LogHMD: Failed to initialize OpenVR with code 110
[2019.12.27-08.08.00:070][  0]LogD3D11RHI: D3D11 min allowed feature level: 11_0
[2019.12.27-08.08.00:070][  0]LogD3D11RHI: D3D11 max allowed feature level: 11_0
[2019.12.27-08.08.00:070][  0]LogD3D11RHI: D3D11 adapters:
[2019.12.27-08.08.00:140][  0]LogD3D11RHI:    0. 'NVIDIA GeForce RTX 2070' (Feature Level 11_0)
[2019.12.27-08.08.00:140][  0]LogD3D11RHI:       8031/0/8152 MB DedicatedVideo/DedicatedSystem/SharedSystem, Outputs:1, VendorId:0x10de
[2019.12.27-08.08.00:142][  0]LogD3D11RHI:    1. 'Microsoft Basic Render Driver' (Feature Level 11_0)
[2019.12.27-08.08.00:142][  0]LogD3D11RHI:       0/0/8152 MB DedicatedVideo/DedicatedSystem/SharedSystem, Outputs:0, VendorId:0x1414
[2019.12.27-08.08.00:142][  0]LogD3D11RHI: Chosen D3D11 Adapter: 0
[2019.12.27-08.08.00:148][  0]LogD3D11RHI: Creating new Direct3DDevice
[2019.12.27-08.08.00:148][  0]LogD3D11RHI:     GPU DeviceId: 0x1f07 (for the marketing name, search the web for "GPU Device Id")
[2019.12.27-08.08.00:148][  0]LogWindows: EnumDisplayDevices:
[2019.12.27-08.08.00:148][  0]LogWindows:    0. 'NVIDIA GeForce RTX 2070' (P:1 D:1)
[2019.12.27-08.08.00:148][  0]LogWindows:    1. 'NVIDIA GeForce RTX 2070' (P:0 D:0)
[2019.12.27-08.08.00:149][  0]LogWindows:    2. 'NVIDIA GeForce RTX 2070' (P:0 D:0)
[2019.12.27-08.08.00:149][  0]LogWindows:    3. 'NVIDIA GeForce RTX 2070' (P:0 D:0)
[2019.12.27-08.08.00:149][  0]LogWindows: DebugString: FoundDriverCount:4 
[2019.12.27-08.08.00:149][  0]LogD3D11RHI:     Adapter Name: NVIDIA GeForce RTX 2070
[2019.12.27-08.08.00:149][  0]LogD3D11RHI:   Driver Version: 441.41 (internal:26.21.14.4141, unified:441.41)
[2019.12.27-08.08.00:149][  0]LogD3D11RHI:      Driver Date: 11-20-2019
[2019.12.27-08.08.00:149][  0]LogRHI: Texture pool is 5621 MB (70% of 8031 MB)
[2019.12.27-08.08.00:187][  0]LogD3D11RHI: RHI has support for 64 bit atomics
[2019.12.27-08.08.00:188][  0]LogD3D11RHI: Async texture creation enabled
[2019.12.27-08.08.00:208][  0]LogD3D11RHI: GPU Timing Frequency: 1000.000000 (Debug: 2 1)
[2019.12.27-08.08.00:591][  0]LogTargetPlatformManager: Display: Loaded TargetPlatform 'AllDesktop'
[2019.12.27-08.08.00:633][  0]LogTargetPlatformManager: Display: Loaded TargetPlatform 'Android'
[2019.12.27-08.08.00:633][  0]LogTargetPlatformManager: Display: Loaded TargetPlatform 'Android_ASTC'
[2019.12.27-08.08.00:633][  0]LogTargetPlatformManager: Display: Loaded TargetPlatform 'Android_ATC'
[2019.12.27-08.08.00:633][  0]LogTargetPlatformManager: Display: Loaded TargetPlatform 'Android_DXT'
[2019.12.27-08.08.00:633][  0]LogTargetPlatformManager: Display: Loaded TargetPlatform 'Android_ETC1'
[2019.12.27-08.08.00:633][  0]LogTargetPlatformManager: Display: Loaded TargetPlatform 'Android_ETC1a'
[2019.12.27-08.08.00:633][  0]LogTargetPlatformManager: Display: Loaded TargetPlatform 'Android_ETC2'
[2019.12.27-08.08.00:633][  0]LogTargetPlatformManager: Display: Loaded TargetPlatform 'Android_PVRTC'
[2019.12.27-08.08.00:633][  0]LogTargetPlatformManager: Display: Loaded TargetPlatform 'AndroidClient'
[2019.12.27-08.08.00:633][  0]LogTargetPlatformManager: Display: Loaded TargetPlatform 'Android_ASTCClient'
[2019.12.27-08.08.00:633][  0]LogTargetPlatformManager: Display: Loaded TargetPlatform 'Android_ATCClient'
[2019.12.27-08.08.00:633][  0]LogTargetPlatformManager: Display: Loaded TargetPlatform 'Android_DXTClient'
[2019.12.27-08.08.00:633][  0]LogTargetPlatformManager: Display: Loaded TargetPlatform 'Android_ETC1Client'
[2019.12.27-08.08.00:633][  0]LogTargetPlatformManager: Display: Loaded TargetPlatform 'Android_ETC1aClient'
[2019.12.27-08.08.00:633][  0]LogTargetPlatformManager: Display: Loaded TargetPlatform 'Android_ETC2Client'
[2019.12.27-08.08.00:633][  0]LogTargetPlatformManager: Display: Loaded TargetPlatform 'Android_PVRTCClient'
[2019.12.27-08.08.00:633][  0]LogTargetPlatformManager: Display: Loaded TargetPlatform 'Android_Multi'
[2019.12.27-08.08.00:633][  0]LogTargetPlatformManager: Display: Loaded TargetPlatform 'Android_MultiClient'
[2019.12.27-08.08.00:684][  0]LogTargetPlatformManager: Display: Loaded TargetPlatform 'IOSClient'
[2019.12.27-08.08.00:684][  0]LogTargetPlatformManager: Display: Loaded TargetPlatform 'IOS'
[2019.12.27-08.08.00:700][  0]LogTargetPlatformManager: Display: Loaded TargetPlatform 'LinuxNoEditor'
[2019.12.27-08.08.00:716][  0]LogTargetPlatformManager: Display: Loaded TargetPlatform 'LinuxClient'
[2019.12.27-08.08.00:731][  0]LogTargetPlatformManager: Display: Loaded TargetPlatform 'LinuxServer'
[2019.12.27-08.08.00:747][  0]LogTargetPlatformManager: Display: Loaded TargetPlatform 'LinuxAArch64NoEditor'
[2019.12.27-08.08.00:762][  0]LogTargetPlatformManager: Display: Loaded TargetPlatform 'LinuxAArch64Client'
[2019.12.27-08.08.00:779][  0]LogTargetPlatformManager: Display: Loaded TargetPlatform 'LinuxAArch64Server'
[2019.12.27-08.08.00:807][  0]LogTargetPlatformManager: Display: Loaded TargetPlatform 'Lumin'
[2019.12.27-08.08.00:807][  0]LogTargetPlatformManager: Display: Loaded TargetPlatform 'LuminClient'
[2019.12.27-08.08.00:826][  0]LogTargetPlatformManager: Display: Loaded TargetPlatform 'TVOSClient'
[2019.12.27-08.08.00:826][  0]LogTargetPlatformManager: Display: Loaded TargetPlatform 'TVOS'
[2019.12.27-08.08.00:844][  0]LogTargetPlatformManager: Display: Loaded TargetPlatform 'WindowsNoEditor'
[2019.12.27-08.08.00:859][  0]LogTargetPlatformManager: Display: Loaded TargetPlatform 'Windows'
[2019.12.27-08.08.00:875][  0]LogTargetPlatformManager: Display: Loaded TargetPlatform 'WindowsClient'
[2019.12.27-08.08.00:891][  0]LogTargetPlatformManager: Display: Loaded TargetPlatform 'WindowsServer'
[2019.12.27-08.08.00:891][  0]LogTargetPlatformManager: Display: Building Assets For Windows
[2019.12.27-08.08.00:939][  0]LogAudioDebug: Display: Lib vorbis DLL was dynamically loaded.
[2019.12.27-08.08.01:206][  0]LogShaderCompilers: Guid format shader working directory is -5 characters bigger than the processId version (../../../../../_projects/MySolve/Intermediate/Shaders/WorkingDirectory/14684/).
[2019.12.27-08.08.01:206][  0]LogShaderCompilers: Cleaned the shader compiler working directory 'C:/Windows/Temp/UnrealShaderWorkingDir/130A75D846D059D74D6CE99B35322BE9/'.
[2019.12.27-08.08.01:207][  0]LogXGEController: Cleaning working directory: C:/Windows/Temp/UnrealXGEWorkingDir/
[2019.12.27-08.08.01:207][  0]LogXGEController: Cannot use XGE Controller as Incredibuild is not installed on this machine.
[2019.12.27-08.08.01:207][  0]LogShaderCompilers: Cannot use XGE Shader Compiler as Incredibuild is not installed on this machine.
[2019.12.27-08.08.01:207][  0]LogShaderCompilers: Display: Using Local Shader Compiler.
[2019.12.27-08.08.03:238][  0]LogDerivedDataCache: Display: Max Cache Size: 512 MB
[2019.12.27-08.08.03:334][  0]LogDerivedDataCache: Loaded boot cache 0.10s 78MB C:/Users/ostap/AppData/Local/UnrealEngine/4.24/DerivedDataCache/Boot.ddc.
[2019.12.27-08.08.03:334][  0]LogDerivedDataCache: Display: Loaded Boot cache: C:/Users/ostap/AppData/Local/UnrealEngine/4.24/DerivedDataCache/Boot.ddc
[2019.12.27-08.08.03:334][  0]LogDerivedDataCache: FDerivedDataBackendGraph:  Pak pak cache file ../../../../../_projects/MySolve/DerivedDataCache/DDC.ddp not found, will not use a pak cache.
[2019.12.27-08.08.03:334][  0]LogDerivedDataCache: Unable to find inner node Pak for hierarchical cache Hierarchy.
[2019.12.27-08.08.03:334][  0]LogDerivedDataCache: FDerivedDataBackendGraph:  CompressedPak pak cache file ../../../../../_projects/MySolve/DerivedDataCache/Compressed.ddp not found, will not use a pak cache.
[2019.12.27-08.08.03:334][  0]LogDerivedDataCache: Unable to find inner node CompressedPak for hierarchical cache Hierarchy.
[2019.12.27-08.08.03:352][  0]LogDerivedDataCache: Display: Pak cache opened for reading ../../../Engine/DerivedDataCache/Compressed.ddp.
[2019.12.27-08.08.03:352][  0]LogDerivedDataCache: FDerivedDataBackendGraph:  EnterprisePak pak cache file ../../../Enterprise/DerivedDataCache/Compressed.ddp not found, will not use a pak cache.
[2019.12.27-08.08.03:352][  0]LogDerivedDataCache: Unable to find inner node EnterprisePak for hierarchical cache Hierarchy.
[2019.12.27-08.08.03:354][  0]LogDerivedDataCache: Using Local data cache path C:/Users/ostap/AppData/Local/UnrealEngine/Common/DerivedDataCache: Writable
[2019.12.27-08.08.03:354][  0]LogDerivedDataCache: Shared data cache path not found in *engine.ini, will not use an Shared cache.
[2019.12.27-08.08.03:354][  0]LogDerivedDataCache: Unable to find inner node Shared for hierarchical cache Hierarchy.
[2019.12.27-08.08.03:375][  0]LogMaterial: Verifying Global Shaders for PCD3D_SM5
[2019.12.27-08.08.03:384][  0]LogSlate: Using FreeType 2.10.0
[2019.12.27-08.08.03:399][  0]LogSlate: SlateFontServices - WITH_FREETYPE: 1, WITH_HARFBUZZ: 1
[2019.12.27-08.08.03:600][  0]LogAssetRegistry: FAssetRegistry took 0.0047 seconds to start up
[2019.12.27-08.08.03:985][  0]LogInit: Selected Device Profile: [Windows]
[2019.12.27-08.08.04:414][  0]LogMeshReduction: Using QuadricMeshReduction for automatic static mesh reduction
[2019.12.27-08.08.04:414][  0]LogMeshReduction: Using SimplygonMeshReduction for automatic skeletal mesh reduction
[2019.12.27-08.08.04:414][  0]LogMeshReduction: Using ProxyLODMeshReduction for automatic mesh merging
[2019.12.27-08.08.04:414][  0]LogMeshReduction: No distributed automatic mesh merging module available
[2019.12.27-08.08.04:414][  0]LogMeshMerging: No distributed automatic mesh merging module available
[2019.12.27-08.08.04:457][  0]LogNetVersion: MySolve 1.0.0, NetCL: 10570792, EngineNetVer: 13, GameNetVer: 0 (Checksum: 947458002)
[2019.12.27-08.08.07:517][  0]LogPackageLocalizationCache: Processed 10 localized package path(s) for 1 prioritized culture(s) in 0.033308 seconds
[2019.12.27-08.08.07:524][  0]LogUObjectArray: 46750 objects as part of root set at end of initial load.
[2019.12.27-08.08.07:524][  0]LogUObjectAllocator: 8137160 out of 0 bytes used by permanent object pool.
[2019.12.27-08.08.07:524][  0]LogUObjectArray: CloseDisregardForGC: 0/0 objects in disregard for GC pool
[2019.12.27-08.08.09:038][  0]LogTcpMessaging: Initializing TcpMessaging bridge
[2019.12.27-08.08.09:057][  0]LogUdpMessaging: Initializing bridge on interface 0.0.0.0:0 to multicast group 230.0.0.1:6666.
[2019.12.27-08.08.09:331][  0]SourceControl: Source control is disabled
[2019.12.27-08.08.09:331][  0]SourceControl: Source control is disabled
[2019.12.27-08.08.09:354][  0]SourceControl: Source control is disabled
[2019.12.27-08.08.09:373][  0]SourceControl: Source control is disabled
[2019.12.27-08.08.09:388][  0]SourceControl: Source control is disabled
[2019.12.27-08.08.09:955][  0]LogAndroidPermission: UAndroidPermissionCallbackProxy::GetInstance
[2019.12.27-08.08.10:030][  0]LogAudioCaptureCore: Display: No Audio Capture implementations found. Audio input will be silent.
[2019.12.27-08.08.10:030][  0]LogAudioCaptureCore: Display: No Audio Capture implementations found. Audio input will be silent.
[2019.12.27-08.08.10:258][  0]LogOcInput: OculusInput pre-init called
[2019.12.27-08.08.10:292][  0]LogWindows: Failed to load 'OVRPlugin.dll' (GetLastError=126)
[2019.12.27-08.08.10:292][  0]LogWindows: File 'OVRPlugin.dll' does not exist
[2019.12.27-08.08.10:466][  0]LogEngine: Initializing Engine...
[2019.12.27-08.08.10:468][  0]LogHMD: Failed to initialize OpenVR with code 110
[2019.12.27-08.08.10:473][  0]LogStats: UGameplayTagsManager::InitializeManager -  0.002 s
[2019.12.27-08.08.10:878][  0]LogInit: Initializing FReadOnlyCVARCache
[2019.12.27-08.08.10:927][  0]LogAIModule: Creating AISystem for world Untitled
[2019.12.27-08.08.10:949][  0]LogAudioMixer: Display: Audio Mixer Platform Settings:
[2019.12.27-08.08.10:949][  0]LogAudioMixer: Display: 	Sample Rate:						  48000
[2019.12.27-08.08.10:949][  0]LogAudioMixer: Display: 	Callback Buffer Frame Size Requested: 1024
[2019.12.27-08.08.10:949][  0]LogAudioMixer: Display: 	Callback Buffer Frame Size To Use:	  1024
[2019.12.27-08.08.10:949][  0]LogAudioMixer: Display: 	Number of buffers to queue:			  2
[2019.12.27-08.08.10:949][  0]LogAudioMixer: Display: 	Max Channels (voices):				  32
[2019.12.27-08.08.10:949][  0]LogAudioMixer: Display: 	Number of Async Source Workers:		  0
[2019.12.27-08.08.10:949][  0]LogAudio: Display: AudioDevice MaxSources: 32
[2019.12.27-08.08.10:950][  0]LogAudio: Display: Using built-in audio occlusion.
[2019.12.27-08.08.10:950][  0]LogAudioMixer: Display: Initializing audio mixer.
[2019.12.27-08.08.10:967][  0]LogAudioMixer: Display: Audio Device Output Speaker Info:
[2019.12.27-08.08.10:967][  0]LogAudioMixer: Display: Name: Headphones (High Definition Audio Device)
[2019.12.27-08.08.10:967][  0]LogAudioMixer: Display: Is Default: Yes
[2019.12.27-08.08.10:967][  0]LogAudioMixer: Display: Sample Rate: 48000
[2019.12.27-08.08.10:967][  0]LogAudioMixer: Display: Channel Count Used: 2
[2019.12.27-08.08.10:967][  0]LogAudioMixer: Display: Device Channel Count: 2
[2019.12.27-08.08.10:967][  0]LogAudioMixer: Display: Channel Order:
[2019.12.27-08.08.10:967][  0]LogAudioMixer: Display: 0: FrontLeft
[2019.12.27-08.08.10:967][  0]LogAudioMixer: Display: 1: FrontRight
[2019.12.27-08.08.10:989][  0]LogAudioMixer: Display: Using Audio Device Headphones (High Definition Audio Device)
[2019.12.27-08.08.10:993][  0]LogInit: FAudioDevice initialized.
[2019.12.27-08.08.10:993][  0]LogNetVersion: Set ProjectVersion to 1.0.0.0. Version Checksum will be recalculated on next use.
[2019.12.27-08.08.11:032][  0]LogDerivedDataCache: Saved boot cache 0.04s 78MB C:/Users/ostap/AppData/Local/UnrealEngine/4.24/DerivedDataCache/Boot.ddc.
[2019.12.27-08.08.11:035][  0]LogInit: Texture streaming: Enabled
[2019.12.27-08.08.11:089][  0]LogEngineSessionManager: EngineSessionManager initialized
[2019.12.27-08.08.11:089][  0]LogEditorSessionSummary: Verbose: Initializing EditorSessionSummaryWriter for editor session tracking
[2019.12.27-08.08.11:090][  0]LogEditorSessionSummary: EditorSessionSummaryWriter initialized
[2019.12.27-08.08.11:165][  0]LogInit: Transaction tracking system initialized
[2019.12.27-08.08.11:277][  0]BlueprintLog: New page: Editor Load
[2019.12.27-08.08.11:585][  0]LocalizationService: Localization service is disabled
[2019.12.27-08.08.12:278][  0]LogFileCache: Scanning file cache for directory 'E:/_projects/MySolve/Content/' took 0.01s
[2019.12.27-08.08.12:278][  0]LogCook: Display: Max memory allowance for cook 16384mb min free memory 0mb
[2019.12.27-08.08.12:278][  0]LogCook: Display: Mobile HDR setting 1
[2019.12.27-08.08.13:317][  0]SourceControl: Source control is disabled
[2019.12.27-08.08.13:318][  0]Cmd: MAP LOAD FILE="../../../../../_projects/MySolve/Content/FirstPersonBP/Maps/FirstPersonExampleMap.umap" TEMPLATE=0 SHOWPROGRESS=1 FEATURELEVEL=3
[2019.12.27-08.08.13:319][  0]LightingResults: New page: Lighting Build
[2019.12.27-08.08.13:326][  0]LogWorld: UWorld::CleanupWorld for Untitled, bSessionEnded=true, bCleanupResources=true
[2019.12.27-08.08.13:326][  0]LogSlate: InvalidateAllWidgets triggered.  All widgets were invalidated
[2019.12.27-08.08.13:327][  0]MapCheck: New page: Map Check
[2019.12.27-08.08.13:327][  0]LightingResults: New page: Lighting Build
[2019.12.27-08.08.13:357][  0]LogUObjectHash: Compacting FUObjectHashTables data took   1.23ms
[2019.12.27-08.08.13:589][  0]LogBlueprint: Error: [Compiler WB_Interaction_Menu] In use pin  Needed Object  no longer exists on node  Get . Please refresh node or break links to remove pin.
[2019.12.27-08.08.13:590][  0]LogBlueprint: Error: [Compiler WB_Interaction_Menu] In use pin  Needed Object  no longer exists on node  Get . Please refresh node or break links to remove pin.
[2019.12.27-08.08.13:590][  0]LogBlueprint: Error: [Compiler WB_Interaction_Menu] In use pin  Needed Object  no longer exists on node  Get . Please refresh node or break links to remove pin.
[2019.12.27-08.08.14:382][  0]LogAIModule: Creating AISystem for world FirstPersonExampleMap
[2019.12.27-08.08.14:411][  0]LogEditorServer: Finished looking for orphan Actors (0.000 secs)
[2019.12.27-08.08.14:441][  0]LogUObjectHash: Compacting FUObjectHashTables data took   1.74ms
[2019.12.27-08.08.14:441][  0]Cmd: MAP CHECKDEP NOCLEARLOG
[2019.12.27-08.08.14:442][  0]MapCheck: Map check complete: 0 Error(s), 0 Warning(s), took 0.313ms to complete.
[2019.12.27-08.08.14:442][  0]LogFileHelpers: Loading map 'FirstPersonExampleMap' took 1.123
[2019.12.27-08.08.14:651][  0]LogSlate: Updating window title bar state: overlay mode, drag disabled, window buttons hidden, title bar hidden
[2019.12.27-08.08.14:656][  0]LogSlate: Updating window title bar state: overlay mode, drag disabled, window buttons hidden, title bar hidden
[2019.12.27-08.08.14:661][  0]LogSlate: Updating window title bar state: overlay mode, drag disabled, window buttons hidden, title bar hidden
[2019.12.27-08.08.14:666][  0]LogSlate: Updating window title bar state: overlay mode, drag disabled, window buttons hidden, title bar hidden
[2019.12.27-08.08.14:691][  0]LogCollectionManager: Loaded 0 collections in 0.000584 seconds
[2019.12.27-08.08.14:723][  0]LogFileCache: Scanning file cache for directory 'E:/_projects/MySolve/Saved/Collections/' took 0.00s
[2019.12.27-08.08.14:723][  0]LogFileCache: Scanning file cache for directory 'E:/_projects/MySolve/Content/Developers/ostap/Collections/' took 0.00s
[2019.12.27-08.08.14:723][  0]LogFileCache: Scanning file cache for directory 'E:/_projects/MySolve/Content/Collections/' took 0.00s
[2019.12.27-08.08.14:723][  0]LogContentBrowser: Native class hierarchy populated in 0.0063 seconds. Added 3015 classes and 717 folders.
[2019.12.27-08.08.14:731][  0]LogContentBrowser: Native class hierarchy updated for 'WidgetCarousel' in 0.0002 seconds. Added 0 classes and 0 folders.
[2019.12.27-08.08.15:058][  0]LogContentBrowser: Native class hierarchy updated for 'AddContentDialog' in 0.0002 seconds. Added 0 classes and 0 folders.
[2019.12.27-08.08.15:076][  0]LogContentBrowser: Native class hierarchy updated for 'SceneOutliner' in 0.0002 seconds. Added 2 classes and 3 folders.
[2019.12.27-08.08.15:294][  0]LogSlate: Took 0.005315 seconds to synchronously load lazily loaded font '../../../Engine/Content/Slate/Fonts/Roboto-Regular.ttf' (155K)
[2019.12.27-08.08.15:301][  0]LogSlate: Took 0.005149 seconds to synchronously load lazily loaded font '../../../Engine/Content/Slate/Fonts/Roboto-Bold.ttf' (160K)
[2019.12.27-08.08.15:309][  0]LogSlate: Took 0.004353 seconds to synchronously load lazily loaded font '../../../Engine/Content/Editor/Slate/Fonts/FontAwesome.ttf' (139K)
[2019.12.27-08.08.15:418][  0]LogRenderer: Reallocating scene render targets to support 1136x744 Format 10 NumSamples 1 (Frame:1).
[2019.12.27-08.08.15:543][  0]LogContentBrowser: Native class hierarchy updated for 'HierarchicalLODOutliner' in 0.0002 seconds. Added 0 classes and 0 folders.
[2019.12.27-08.08.15:543][  0]LogLoad: (Engine Initialization) Total time: 22.39 seconds
[2019.12.27-08.08.15:543][  0]LogLoad: (Engine Initialization) Total Blueprint compile time: 0.00 seconds
[2019.12.27-08.08.15:602][  0]LogContentStreaming: Texture pool size now 1000 MB
[2019.12.27-08.08.15:628][  0]LogSlate: Took 0.004753 seconds to synchronously load lazily loaded font '../../../Engine/Content/Slate/Fonts/Roboto-Light.ttf' (167K)
[2019.12.27-08.08.16:015][  8]LogAssetRegistry: Asset discovery search completed in 12.4161 seconds
[2019.12.27-08.08.16:018][  8]LogCollectionManager: Fixed up redirectors for 0 collections in 0.000010 seconds (updated 0 objects)
[2019.12.27-08.33.33:751][ 36]LogSlate: Took 0.003456 seconds to synchronously load lazily loaded font '../../../Engine/Content/Slate/Fonts/Roboto-Light.ttf' (167K)
[2019.12.27-08.33.33:767][ 36]LogAssetEditorSubsystem: Opening Asset editor for Blueprint /Game/BP_Interfaces/BP_Interact_interface.BP_Interact_Interface
[2019.12.27-08.33.33:912][ 36]LogContentBrowser: Native class hierarchy updated for 'BlueprintGraph' in 0.0004 seconds. Added 121 classes and 0 folders.
[2019.12.27-08.33.37:074][336]LogSlate: Window 'BP_Interact_Interface' being destroyed
[2019.12.27-08.33.37:078][336]LogSlate: Window 'BP_Interact_Interface' being destroyed
[2019.12.27-08.33.37:078][336]LogWorld: UWorld::CleanupWorld for World_0, bSessionEnded=true, bCleanupResources=true
[2019.12.27-08.33.37:078][336]LogSlate: InvalidateAllWidgets triggered.  All widgets were invalidated
[2019.12.27-08.33.45:244][292]LogAssetEditorSubsystem: Opening Asset editor for BehaviorTree /Game/BP_Minion/DialogueTree/Minion_DialogueTree.Minion_DialogueTree
[2019.12.27-08.33.45:392][292]LogSlate: Took 0.005157 seconds to synchronously load lazily loaded font '../../../Engine/Content/Slate/Fonts/Roboto-BoldCondensed.ttf' (158K)
[2019.12.27-08.33.51:048][959]LogAssetEditorSubsystem: Opening Asset editor for Blueprint /Game/BP_Minion/DialogueTree/DisplayEntry.DisplayEntry
[2019.12.27-08.33.51:456][960]LogSlate: Took 0.004253 seconds to synchronously load lazily loaded font '../../../Engine/Content/Slate/Fonts/Roboto-Italic.ttf' (157K)
[2019.12.27-08.33.54:952][363]LogAssetEditorSubsystem: Opening Asset editor for Blueprint /Game/BP_Minion/DialogueTree/AskQuestion.AskQuestion
[2019.12.27-19.07.26:686][691]LogHttp: Warning: 0000023091952E80: invalid HTTP response code received. URL: https://datarouter.ol.epicgames.com/datarouter/api/v1/public/data?SessionID=%7BBB567460-41D8-9937-F9E8-73BDFACB5AE0%7D&AppID=UEEditor.Rocket.Release&AppVersion=4.24.1-10757647%2B%2B%2BUE4%2BRelease-4.24&UserID=1597aedf4d7c03cadf9b44936d678ff1%7Cfb59a5d6276b4ecf830ee9874bf2ef71%7Cec20dcce-95b1-4a0b-ada5-ba4354dd12dc&AppEnvironment=datacollector-binary&UploadType=eteventstream, HTTP code: 0, content length: 0, actual payload size: 0
[2019.12.27-19.07.26:687][691]LogHttp: Warning: 0000023091952E80: request failed, libcurl error: 6 (Couldn't resolve host name)
[2019.12.27-19.07.26:687][691]LogHttp: Warning: 0000023091952E80: libcurl info message cache 0 (Connection 179 seems to be dead!)
[2019.12.27-19.07.26:687][691]LogHttp: Warning: 0000023091952E80: libcurl info message cache 1 (Closing connection 179)
[2019.12.27-19.07.26:687][691]LogHttp: Warning: 0000023091952E80: libcurl info message cache 2 (TLSv1.2 (OUT), TLS alert, Client hello (1):)
[2019.12.27-19.07.26:687][691]LogHttp: Warning: 0000023091952E80: libcurl info message cache 3 (Could not resolve host: datarouter.ol.epicgames.com)
[2019.12.27-19.07.26:687][691]LogHttp: Warning: 0000023091952E80: libcurl info message cache 4 (Closing connection 180)
[2019.12.27-19.07.27:026][692]LogHttp: Warning: Retry exhausted on https://datarouter.ol.epicgames.com/datarouter/api/v1/public/data?SessionID=%7BBB567460-41D8-9937-F9E8-73BDFACB5AE0%7D&AppID=UEEditor.Rocket.Release&AppVersion=4.24.1-10757647%2B%2B%2BUE4%2BRelease-4.24&UserID=1597aedf4d7c03cadf9b44936d678ff1%7Cfb59a5d6276b4ecf830ee9874bf2ef71%7Cec20dcce-95b1-4a0b-ada5-ba4354dd12dc&AppEnvironment=datacollector-binary&UploadType=eteventstream
[2019.12.28-02.01.28:290][383]LogSlate: Window 'AskQuestion' being destroyed
[2019.12.28-02.01.28:294][383]LogSlate: Window 'AskQuestion' being destroyed
[2019.12.28-02.01.28:380][383]LogWorld: UWorld::CleanupWorld for World_1, bSessionEnded=true, bCleanupResources=true
[2019.12.28-02.01.28:380][383]LogSlate: InvalidateAllWidgets triggered.  All widgets were invalidated
[2019.12.28-02.01.28:532][383]LogWorld: UWorld::CleanupWorld for World_2, bSessionEnded=true, bCleanupResources=true
[2019.12.28-02.01.28:532][383]LogSlate: InvalidateAllWidgets triggered.  All widgets were invalidated
[2019.12.28-02.01.28:794][397]LogUObjectHash: Compacting FUObjectHashTables data took   9.44ms
[2019.12.28-02.01.28:852][397]LogSlate: Window 'MySolve - Unreal Editor' being destroyed
[2019.12.28-02.01.28:853][397]LogWindowsTextInputMethodSystem: Display: IME system now deactivated.
[2019.12.28-02.01.28:978][398]Cmd: QUIT_EDITOR
[2019.12.28-02.01.28:978][398]LogCore: Engine exit requested (reason: UUnrealEdEngine::CloseEditor())
[2019.12.28-02.01.28:986][398]LogCore: Engine exit requested (reason: EngineExit() was called; note: exit was already requested)
[2019.12.28-02.01.28:987][398]LogAudioMixer: Display: No commands were queued while flushing the source manager.
[2019.12.28-02.01.29:020][398]LogExit: Preparing to exit.
[2019.12.28-02.01.29:471][398]LogDemo: Cleaned up 0 splitscreen connections with owner deletion
[2019.12.28-02.01.29:495][398]LogWorld: UWorld::CleanupWorld for None, bSessionEnded=true, bCleanupResources=true
[2019.12.28-02.01.29:495][398]LogExit: Editor shut down
[2019.12.28-02.01.29:496][398]LogExit: Transaction tracking system shut down
[2019.12.28-02.01.29:870][398]LogExit: Object subsystem successfully closed.
[2019.12.28-02.01.29:884][398]LogShaderCompilers: Display: Shaders left to compile 0
[2019.12.28-02.01.29:914][398]LogModuleManager: Shutting down and abandoning module BlueprintGraph (698)
[2019.12.28-02.01.29:915][398]LogModuleManager: Shutting down and abandoning module HierarchicalLODOutliner (696)
[2019.12.28-02.01.29:915][398]LogModuleManager: Shutting down and abandoning module SceneOutliner (694)
[2019.12.28-02.01.29:915][398]LogModuleManager: Shutting down and abandoning module AddContentDialog (692)
[2019.12.28-02.01.29:917][398]LogModuleManager: Shutting down and abandoning module WidgetCarousel (691)
[2019.12.28-02.01.29:917][398]LogModuleManager: Shutting down and abandoning module EditorWidgets (688)
[2019.12.28-02.01.29:917][398]LogModuleManager: Shutting down and abandoning module CollectionManager (686)
[2019.12.28-02.01.29:917][398]LogModuleManager: Shutting down and abandoning module StatsViewer (684)
[2019.12.28-02.01.29:917][398]LogModuleManager: Shutting down and abandoning module VirtualTexturingEditor (682)
[2019.12.28-02.01.29:917][398]LogModuleManager: Shutting down and abandoning module FoliageEdit (680)
[2019.12.28-02.01.29:917][398]LogModuleManager: Shutting down and abandoning module LandscapeEditor (678)
[2019.12.28-02.01.29:920][398]LogModuleManager: Shutting down and abandoning module MeshPaintMode (676)
[2019.12.28-02.01.29:920][398]LogModuleManager: Shutting down and abandoning module SceneDepthPickerMode (674)
[2019.12.28-02.01.29:920][398]LogModuleManager: Shutting down and abandoning module ActorPickerMode (672)
[2019.12.28-02.01.29:920][398]LogModuleManager: Shutting down and abandoning module GeometryMode (670)
[2019.12.28-02.01.29:920][398]LogModuleManager: Shutting down and abandoning module TextureAlignMode (668)
[2019.12.28-02.01.29:920][398]LogModuleManager: Shutting down and abandoning module BspMode (666)
[2019.12.28-02.01.29:920][398]LogModuleManager: Shutting down and abandoning module PIEPreviewDeviceProfileSelector (664)
[2019.12.28-02.01.29:921][398]LogModuleManager: Shutting down and abandoning module SequenceRecorderSections (662)
[2019.12.28-02.01.29:921][398]LogModuleManager: Shutting down and abandoning module AutomationWorker (660)
[2019.12.28-02.01.29:921][398]LogModuleManager: Shutting down and abandoning module SteamVREditor (658)
[2019.12.28-02.01.29:921][398]LogModuleManager: Shutting down and abandoning module OculusMR (656)
[2019.12.28-02.01.29:921][398]LogModuleManager: Shutting down and abandoning module AudioCaptureEditor (654)
[2019.12.28-02.01.29:921][398]LogModuleManager: Shutting down and abandoning module MatineeToLevelSequence (652)
[2019.12.28-02.01.29:921][398]LogModuleManager: Shutting down and abandoning module LevelSequenceEditor (650)
[2019.12.28-02.01.29:923][398]LogModuleManager: Shutting down and abandoning module PlacementMode (649)
[2019.12.28-02.01.29:923][398]LogModuleManager: Shutting down and abandoning module MaterialEditor (648)
[2019.12.28-02.01.29:924][398]LogModuleManager: Shutting down and abandoning module ActorSequenceEditor (644)
[2019.12.28-02.01.29:925][398]LogModuleManager: Shutting down and abandoning module WmfMediaFactory (642)
[2019.12.28-02.01.29:925][398]LogModuleManager: Shutting down and abandoning module WmfMediaEditor (640)
[2019.12.28-02.01.29:925][398]LogModuleManager: Shutting down and abandoning module WebMMediaFactory (638)
[2019.12.28-02.01.29:925][398]LogModuleManager: Shutting down and abandoning module WebMMediaEditor (636)
[2019.12.28-02.01.29:925][398]LogModuleManager: Shutting down and abandoning module WebMMedia (634)
[2019.12.28-02.01.29:925][398]LogModuleManager: Shutting down and abandoning module MediaPlayerEditor (632)
[2019.12.28-02.01.29:925][398]LogModuleManager: Shutting down and abandoning module MediaCompositingEditor (630)
[2019.12.28-02.01.29:925][398]LogModuleManager: Shutting down and abandoning module SequenceRecorder (629)
[2019.12.28-02.01.29:925][398]LogModuleManager: Shutting down and abandoning module OpenExrWrapper (626)
[2019.12.28-02.01.29:925][398]LogModuleManager: Shutting down and abandoning module ImgMediaFactory (624)
[2019.12.28-02.01.29:925][398]LogModuleManager: Shutting down and abandoning module ImgMediaEditor (622)
[2019.12.28-02.01.29:925][398]LogModuleManager: Shutting down and abandoning module AvfMediaFactory (620)
[2019.12.28-02.01.29:925][398]LogModuleManager: Shutting down and abandoning module AvfMediaEditor (618)
[2019.12.28-02.01.29:925][398]LogModuleManager: Shutting down and abandoning module AndroidMediaFactory (616)
[2019.12.28-02.01.29:925][398]LogModuleManager: Shutting down and abandoning module AndroidMediaEditor (614)
[2019.12.28-02.01.29:925][398]LogModuleManager: Shutting down and abandoning module MagicLeapMediaCodecFactory (612)
[2019.12.28-02.01.29:925][398]LogModuleManager: Shutting down and abandoning module MagicLeapMediaFactory (610)
[2019.12.28-02.01.29:925][398]LogModuleManager: Shutting down and abandoning module MagicLeapMediaEditor (608)
[2019.12.28-02.01.29:925][398]LogModuleManager: Shutting down and abandoning module CharacterAI (606)
[2019.12.28-02.01.29:925][398]LogModuleManager: Shutting down and abandoning module SmartSnapping (604)
[2019.12.28-02.01.29:925][398]LogModuleManager: Shutting down and abandoning module SessionServices (602)
[2019.12.28-02.01.29:925][398]LogModuleManager: Shutting down and abandoning module MeshPaint (600)
[2019.12.28-02.01.29:926][398]LogModuleManager: Shutting down and abandoning module ViewportSnapping (598)
[2019.12.28-02.01.29:926][398]LogModuleManager: Shutting down and abandoning module ViewportInteraction (596)
[2019.12.28-02.01.29:926][398]LogModuleManager: Shutting down and abandoning module ClothPainter (594)
[2019.12.28-02.01.29:926][398]LogModuleManager: Shutting down and abandoning module SkeletalMeshEditor (593)
[2019.12.28-02.01.29:928][398]LogModuleManager: Shutting down and abandoning module LogVisualizer (590)
[2019.12.28-02.01.29:929][398]LogModuleManager: Shutting down and abandoning module IntroTutorials (588)
[2019.12.28-02.01.29:930][398]LogModuleManager: Shutting down and abandoning module GameProjectGeneration (587)
[2019.12.28-02.01.29:930][398]LogModuleManager: Shutting down and abandoning module LuminPlatformEditor (584)
[2019.12.28-02.01.29:930][398]LogModuleManager: Shutting down and abandoning module IOSPlatformEditor (582)
[2019.12.28-02.01.29:930][398]LogModuleManager: Shutting down and abandoning module AndroidPlatformEditor (580)
[2019.12.28-02.01.29:930][398]LogModuleManager: Shutting down and abandoning module AndroidDeviceDetection (579)
[2019.12.28-02.01.31:586][398]LogModuleManager: Shutting down and abandoning module WindowsPlatformEditor (576)
[2019.12.28-02.01.31:586][398]LogModuleManager: Shutting down and abandoning module LuminRuntimeSettings (574)
[2019.12.28-02.01.31:586][398]LogModuleManager: Shutting down and abandoning module IOSRuntimeSettings (572)
[2019.12.28-02.01.31:586][398]LogModuleManager: Shutting down and abandoning module AndroidRuntimeSettings (570)
[2019.12.28-02.01.31:586][398]LogModuleManager: Shutting down and abandoning module EditorInteractiveToolsFramework (568)
[2019.12.28-02.01.31:586][398]LogModuleManager: Shutting down and abandoning module TimeManagementEditor (566)
[2019.12.28-02.01.31:586][398]LogModuleManager: Shutting down and abandoning module InputBindingEditor (564)
[2019.12.28-02.01.31:586][398]LogModuleManager: Shutting down and abandoning module MergeActors (562)
[2019.12.28-02.01.31:587][398]LogModuleManager: Shutting down and abandoning module LocalizationDashboard (560)
[2019.12.28-02.01.31:587][398]LogModuleManager: Shutting down and abandoning module LocalizationService (559)
[2019.12.28-02.01.31:588][398]LogModuleManager: Shutting down and abandoning module HardwareTargeting (556)
[2019.12.28-02.01.31:588][398]LogModuleManager: Shutting down and abandoning module DeviceProfileEditor (554)
[2019.12.28-02.01.31:588][398]LogModuleManager: Shutting down and abandoning module UndoHistory (552)
[2019.12.28-02.01.31:589][398]LogModuleManager: Shutting down and abandoning module XmlParser (550)
[2019.12.28-02.01.31:589][398]LogModuleManager: Shutting down and abandoning module Blutility (548)
[2019.12.28-02.01.31:589][398]LogModuleManager: Shutting down and abandoning module ProjectSettingsViewer (546)
[2019.12.28-02.01.31:589][398]LogModuleManager: Shutting down and abandoning module ProjectTargetPlatformEditor (545)
[2019.12.28-02.01.31:590][398]LogModuleManager: Shutting down and abandoning module EditorSettingsViewer (542)
[2019.12.28-02.01.31:591][398]LogModuleManager: Shutting down and abandoning module SettingsEditor (540)
[2019.12.28-02.01.31:591][398]LogModuleManager: Shutting down and abandoning module ProjectLauncher (538)
[2019.12.28-02.01.31:592][398]LogModuleManager: Shutting down and abandoning module SessionFrontend (536)
[2019.12.28-02.01.31:593][398]LogModuleManager: Shutting down and abandoning module ProfilerClient (534)
[2019.12.28-02.01.31:593][398]LogModuleManager: Shutting down and abandoning module DeviceManager (532)
[2019.12.28-02.01.31:594][398]LogModuleManager: Shutting down and abandoning module TargetDeviceServices (531)
[2019.12.28-02.01.31:626][398]LogModuleManager: Shutting down and abandoning module AutomationController (528)
[2019.12.28-02.01.31:626][398]LogModuleManager: Shutting down and abandoning module AutomationWindow (526)
[2019.12.28-02.01.31:627][398]LogModuleManager: Shutting down and abandoning module Layers (524)
[2019.12.28-02.01.31:630][398]LogModuleManager: Shutting down and abandoning module ComponentVisualizers (522)
[2019.12.28-02.01.31:630][398]LogModuleManager: Shutting down and abandoning module DetailCustomizations (520)
[2019.12.28-02.01.31:630][398]LogModuleManager: Shutting down and abandoning module PackagesDialog (518)
[2019.12.28-02.01.31:631][398]LogModuleManager: Shutting down and abandoning module AnimationBlueprintEditor (516)
[2019.12.28-02.01.31:632][398]LogModuleManager: Shutting down and abandoning module Persona (514)
[2019.12.28-02.01.31:632][398]LogModuleManager: Shutting down and abandoning module AdvancedPreviewScene (513)
[2019.12.28-02.01.31:632][398]LogModuleManager: Shutting down and abandoning module AnimGraph (511)
[2019.12.28-02.01.31:632][398]LogModuleManager: Shutting down and abandoning module Kismet (508)
[2019.12.28-02.01.31:639][398]LogModuleManager: Shutting down and abandoning module KismetWidgets (507)
[2019.12.28-02.01.31:639][398]LogModuleManager: Shutting down and abandoning module GraphEditor (504)
[2019.12.28-02.01.31:639][398]LogModuleManager: Shutting down and abandoning module StructViewer (502)
[2019.12.28-02.01.31:639][398]LogModuleManager: Shutting down and abandoning module ClassViewer (500)
[2019.12.28-02.01.31:639][398]LogModuleManager: Shutting down and abandoning module Toolbox (498)
[2019.12.28-02.01.31:639][398]LogModuleManager: Shutting down and abandoning module ModuleUI (496)
[2019.12.28-02.01.31:640][398]LogModuleManager: Shutting down and abandoning module OutputLog (494)
[2019.12.28-02.01.31:641][398]LogModuleManager: Shutting down and abandoning module GammaUI (492)
[2019.12.28-02.01.31:641][398]LogModuleManager: Shutting down and abandoning module Documentation (490)
[2019.12.28-02.01.31:641][398]LogModuleManager: Shutting down and abandoning module ToolMenus (488)
[2019.12.28-02.01.31:641][398]LogModuleManager: Shutting down and abandoning module LiveCoding (486)
[2019.12.28-02.01.31:641][398]LogModuleManager: Shutting down and abandoning module LevelSequence (484)
[2019.12.28-02.01.31:641][398]LogModuleManager: Shutting down and abandoning module MovieSceneTracks (482)
[2019.12.28-02.01.31:641][398]LogModuleManager: Shutting down and abandoning module MovieScene (480)
[2019.12.28-02.01.31:641][398]LogModuleManager: Shutting down and abandoning module StreamingPauseRendering (478)
[2019.12.28-02.01.31:641][398]LogModuleManager: Shutting down and abandoning module LauncherPlatform (476)
[2019.12.28-02.01.31:641][398]LogModuleManager: Shutting down and abandoning module AnalyticsET (474)
[2019.12.28-02.01.31:641][398]LogModuleManager: Shutting down and abandoning module PortalServices (472)
[2019.12.28-02.01.31:641][398]LogModuleManager: Shutting down and abandoning module PortalRpc (470)
[2019.12.28-02.01.31:641][398]LogModuleManager: Shutting down and abandoning module MessagingRpc (468)
[2019.12.28-02.01.31:641][398]LogModuleManager: Shutting down and abandoning module AudioMixerXAudio2 (466)
[2019.12.28-02.01.31:641][398]LogModuleManager: Shutting down and abandoning module AIModule (464)
[2019.12.28-02.01.31:641][398]LogModuleManager: Shutting down and abandoning module GameplayDebugger (463)
[2019.12.28-02.01.31:641][398]LogModuleManager: Shutting down and abandoning module AITestSuite (461)
[2019.12.28-02.01.31:641][398]LogModuleManager: Shutting down and abandoning module NavigationSystem (459)
[2019.12.28-02.01.31:641][398]LogModuleManager: Shutting down and abandoning module ImageWriteQueue (456)
[2019.12.28-02.01.31:644][398]LogModuleManager: Shutting down and abandoning module ProfilerService (454)
[2019.12.28-02.01.31:872][398]LogModuleManager: Shutting down and abandoning module TaskGraph (452)
[2019.12.28-02.01.31:873][398]LogModuleManager: Shutting down and abandoning module ScreenshotTools (450)
[2019.12.28-02.01.31:873][398]LogModuleManager: Shutting down and abandoning module ProceduralMeshComponentEditor (448)
[2019.12.28-02.01.31:873][398]LogModuleManager: Shutting down and abandoning module ProceduralMeshComponent (446)
[2019.12.28-02.01.31:874][398]LogModuleManager: Shutting down and abandoning module OculusEditor (444)
[2019.12.28-02.01.31:874][398]LogModuleManager: Shutting down and abandoning module OculusInput (442)
[2019.12.28-02.01.31:874][398]LogModuleManager: Shutting down and abandoning module MobilePatchingUtils (440)
[2019.12.28-02.01.31:874][398]LogModuleManager: Shutting down and abandoning module EditableMesh (438)
[2019.12.28-02.01.31:874][398]LogModuleManager: Shutting down and abandoning module CustomMeshComponent (436)
[2019.12.28-02.01.31:874][398]LogModuleManager: Shutting down and abandoning module CableComponent (434)
[2019.12.28-02.01.31:874][398]LogModuleManager: Shutting down and abandoning module AudioCapture (432)
[2019.12.28-02.01.31:874][398]LogModuleManager: Shutting down and abandoning module AudioCaptureRtAudio (431)
[2019.12.28-02.01.31:874][398]LogModuleManager: Shutting down and abandoning module AssetTags (428)
[2019.12.28-02.01.31:874][398]LogModuleManager: Shutting down and abandoning module ArchVisCharacter (426)
[2019.12.28-02.01.31:874][398]LogModuleManager: Shutting down and abandoning module AppleImageUtilsBlueprintSupport (424)
[2019.12.28-02.01.31:874][398]LogModuleManager: Shutting down and abandoning module AppleImageUtils (422)
[2019.12.28-02.01.31:874][398]LogModuleManager: Shutting down and abandoning module AndroidPermission (420)
[2019.12.28-02.01.31:874][398]LogModuleManager: Shutting down and abandoning module NUTUnrealEngine4 (418)
[2019.12.28-02.01.31:874][398]LogModuleManager: Shutting down and abandoning module NetcodeUnitTest (416)
[2019.12.28-02.01.31:875][398]LogModuleManager: Shutting down and abandoning module MediaCompositing (414)
[2019.12.28-02.01.31:875][398]LogModuleManager: Shutting down and abandoning module ImgMedia (412)
[2019.12.28-02.01.31:875][398]LogModuleManager: Shutting down and abandoning module MagicLeapHelperVulkan (410)
[2019.12.28-02.01.31:876][398]LogModuleManager: Shutting down and abandoning module MagicLeapHelperOpenGL (408)
[2019.12.28-02.01.31:876][398]LogModuleManager: Shutting down and abandoning module MagicLeapAudio (406)
[2019.12.28-02.01.31:876][398]LogModuleManager: Shutting down and abandoning module GeometryCacheTracks (404)
[2019.12.28-02.01.31:876][398]LogModuleManager: Shutting down and abandoning module GeometryCacheSequencer (402)
[2019.12.28-02.01.31:876][398]LogModuleManager: Shutting down and abandoning module BackChannel (400)
[2019.12.28-02.01.31:876][398]LogModuleManager: Shutting down and abandoning module AutomationUtilsEditor (398)
[2019.12.28-02.01.31:876][398]LogModuleManager: Shutting down and abandoning module AutomationUtils (396)
[2019.12.28-02.01.31:876][398]LogModuleManager: Shutting down and abandoning module AlembicImporter (394)
[2019.12.28-02.01.31:877][398]LogModuleManager: Shutting down and abandoning module AlembicLibrary (393)
[2019.12.28-02.01.31:877][398]LogModuleManager: Shutting down and abandoning module GeometryCache (392)
[2019.12.28-02.01.31:877][398]LogModuleManager: Shutting down and abandoning module GeometryCacheEd (391)
[2019.12.28-02.01.31:877][398]LogModuleManager: Shutting down and abandoning module VariantManagerContentEditor (386)
[2019.12.28-02.01.31:877][398]LogModuleManager: Shutting down and abandoning module DatasmithContentEditor (384)
[2019.12.28-02.01.31:877][398]LogModuleManager: Shutting down and abandoning module SpeedTreeImporter (382)
[2019.12.28-02.01.31:877][398]LogModuleManager: Shutting down and abandoning module PluginBrowser (380)
[2019.12.28-02.01.31:878][398]LogModuleManager: Shutting down and abandoning module MobileLauncherProfileWizard (378)
[2019.12.28-02.01.31:879][398]LogModuleManager: Shutting down and abandoning module MaterialAnalyzer (376)
[2019.12.28-02.01.31:879][398]LogModuleManager: Shutting down and abandoning module CurveEditorTools (374)
[2019.12.28-02.01.31:879][398]LogModuleManager: Shutting down and abandoning module CryptoKeysOpenSSL (372)
[2019.12.28-02.01.31:879][398]LogModuleManager: Shutting down and abandoning module CryptoKeys (370)
[2019.12.28-02.01.31:879][398]LogModuleManager: Shutting down and abandoning module VisualStudioSourceCodeAccess (368)
[2019.12.28-02.01.31:880][398]LogModuleManager: Shutting down and abandoning module VisualStudioCodeSourceCodeAccess (366)
[2019.12.28-02.01.31:880][398]LogModuleManager: Shutting down and abandoning module UObjectPlugin (364)
[2019.12.28-02.01.31:880][398]LogModuleManager: Shutting down and abandoning module SubversionSourceControl (362)
[2019.12.28-02.01.31:880][398]LogModuleManager: Shutting down and abandoning module PlasticSourceControl (360)
[2019.12.28-02.01.31:881][398]LogModuleManager: Shutting down and abandoning module PerforceSourceControl (358)
[2019.12.28-02.01.31:882][398]LogModuleManager: Shutting down and abandoning module GitSourceControl (356)
[2019.12.28-02.01.31:882][398]LogModuleManager: Shutting down and abandoning module SourceControl (355)
[2019.12.28-02.01.31:882][398]LogModuleManager: Shutting down and abandoning module CLionSourceCodeAccess (352)
[2019.12.28-02.01.31:882][398]LogModuleManager: Shutting down and abandoning module AnimationSharingEd (350)
[2019.12.28-02.01.31:882][398]LogModuleManager: Shutting down and abandoning module ActorLayerUtilitiesEditor (348)
[2019.12.28-02.01.31:882][398]LogModuleManager: Shutting down and abandoning module ActorLayerUtilities (346)
[2019.12.28-02.01.31:882][398]LogModuleManager: Shutting down and abandoning module LightPropagationVolumeEditor (344)
[2019.12.28-02.01.31:882][398]LogModuleManager: Shutting down and abandoning module PaperTiledImporter (342)
[2019.12.28-02.01.31:882][398]LogModuleManager: Shutting down and abandoning module PaperSpriteSheetImporter (340)
[2019.12.28-02.01.31:882][398]LogModuleManager: Shutting down and abandoning module Paper2DEditor (338)
[2019.12.28-02.01.31:883][398]LogModuleManager: Shutting down and abandoning module SignificanceManager (336)
[2019.12.28-02.01.31:883][398]LogModuleManager: Shutting down and abandoning module RuntimePhysXCooking (334)
[2019.12.28-02.01.31:883][398]LogModuleManager: Shutting down and abandoning module PhysXVehiclesEditor (332)
[2019.12.28-02.01.31:884][398]LogModuleManager: Shutting down and abandoning module LocationServicesBPLibrary (328)
[2019.12.28-02.01.31:884][398]LogModuleManager: Shutting down and abandoning module ActorSequence (326)
[2019.12.28-02.01.31:884][398]LogModuleManager: Shutting down and abandoning module UdpMessaging (324)
